2025-06-16 17:06:10 | INFO     | log4ak.py:108 - 组合初始化: 起始资金1000000.00元, 开始日期20230101
2025-06-16 17:06:10 | INFO     | log4ak.py:108 - 初始化000858持仓: 20230101买入0股 @ 0.00元
2025-06-16 17:06:10 | INFO     | log4ak.py:108 - 登记买入订单: 20231121买入000858 3000股
2025-06-16 17:06:10 | INFO     | log4ak.py:108 - 初始化000333持仓: 20230101买入0股 @ 0.00元
2025-06-16 17:06:10 | INFO     | log4ak.py:108 - 登记买入订单: 20230105买入000333 9000股
2025-06-16 17:06:11 | INFO     | log4ak.py:108 - 缓存000333数据: 20230101至20250612共589条
2025-06-16 17:06:11 | INFO     | log4ak.py:108 - 缓存000858数据: 20230101至20250612共589条
2025-06-16 17:06:11 | INFO     | log4ak.py:108 - 预加载000333分红数据: 12条记录
2025-06-16 17:06:11 | INFO     | log4ak.py:108 - 预加载000858分红数据: 29条记录
2025-06-16 17:06:17 | INFO     | log4ak.py:108 - 初始化000333持仓: 2023-01-05买入9000股 @ 55.00元
2025-06-16 17:06:17 | INFO     | log4ak.py:108 - 2023-01-05执行买入: 000333 9000股 @ 55.00元
2025-06-16 17:06:22 | INFO     | log4ak.py:108 - 000333在2023-06-01 00:00:00分红: 每股2.5000元 -> 税后2.2500元
2025-06-16 17:06:23 | INFO     | log4ak.py:108 - 000858在2023-06-27 00:00:00分红: 每股3.7820元 -> 税后3.4038元
2025-06-16 17:06:25 | INFO     | log4ak.py:108 - 初始化000858持仓: 2023-11-21买入3000股 @ 155.56元
2025-06-16 17:06:25 | INFO     | log4ak.py:108 - 2023-11-21执行买入: 000858 3000股 @ 155.56元
2025-06-16 17:06:27 | INFO     | log4ak.py:108 - 000333在2024-05-15 00:00:00分红: 每股3.0000元 -> 税后2.7000元
2025-06-16 17:06:28 | INFO     | log4ak.py:108 - 000858在2024-07-12 00:00:00分红: 每股4.6700元 -> 税后4.2030元
2025-06-16 17:06:30 | INFO     | log4ak.py:108 - 000858在2025-01-23 00:00:00分红: 每股2.5760元 -> 税后2.3184元
2025-06-16 17:06:32 | INFO     | log4ak.py:108 - 000333在2025-06-12 00:00:00分红: 每股3.5000元 -> 税后3.1500元
2025-06-16 17:08:19 | INFO     | log4ak.py:108 - 组合初始化: 起始资金1000000.00元, 开始日期20230101
2025-06-16 17:08:19 | INFO     | log4ak.py:108 - 初始化000858持仓: 20230101买入0股 @ 0.00元
2025-06-16 17:08:19 | INFO     | log4ak.py:108 - 登记买入订单: 20231121买入000858 3000股
2025-06-16 17:08:19 | INFO     | log4ak.py:108 - 初始化000333持仓: 20230101买入0股 @ 0.00元
2025-06-16 17:08:19 | INFO     | log4ak.py:108 - 登记买入订单: 20230105买入000333 9000股
2025-06-16 17:08:20 | INFO     | log4ak.py:108 - 缓存000858数据: 20230101至20250612共589条
2025-06-16 17:08:20 | INFO     | log4ak.py:108 - 缓存000333数据: 20230101至20250612共589条
2025-06-16 17:08:20 | INFO     | log4ak.py:108 - 预加载000858分红数据: 29条记录
2025-06-16 17:08:20 | INFO     | log4ak.py:108 - 预加载000333分红数据: 12条记录
2025-06-16 17:08:21 | INFO     | log4ak.py:108 - 初始化000333持仓: 2023-01-05买入9000股 @ 55.00元
2025-06-16 17:08:21 | INFO     | log4ak.py:108 - 2023-01-05执行买入: 000333 9000股 @ 55.00元
2025-06-16 17:09:25 | INFO     | log4ak.py:108 - 000333在2023-06-01 00:00:00分红: 每股2.5000元 -> 税后2.2500元
2025-06-16 17:12:44 | INFO     | log4ak.py:108 - 组合初始化: 起始资金1000000.00元, 开始日期20230101
2025-06-16 17:12:44 | INFO     | log4ak.py:108 - 初始化000858持仓: 20230101买入0股 @ 0.00元
2025-06-16 17:12:44 | INFO     | log4ak.py:108 - 登记买入订单: 20231121买入000858 3000股
2025-06-16 17:12:44 | INFO     | log4ak.py:108 - 初始化000333持仓: 20230101买入0股 @ 0.00元
2025-06-16 17:12:44 | INFO     | log4ak.py:108 - 登记买入订单: 20230105买入000333 9000股
2025-06-16 17:12:44 | INFO     | log4ak.py:108 - 缓存000858数据: 20230101至20250612共589条
2025-06-16 17:12:45 | INFO     | log4ak.py:108 - 缓存000333数据: 20230101至20250612共589条
2025-06-16 17:12:45 | INFO     | log4ak.py:108 - 预加载000858分红数据: 29条记录
2025-06-16 17:12:45 | INFO     | log4ak.py:108 - 预加载000333分红数据: 12条记录
2025-06-16 17:12:46 | INFO     | log4ak.py:108 - 初始化000333持仓: 2023-01-05买入9000股 @ 55.00元
2025-06-16 17:12:46 | INFO     | log4ak.py:108 - 2023-01-05执行买入: 000333 9000股 @ 55.00元
2025-06-16 17:13:01 | INFO     | log4ak.py:108 - 000333在2023-06-01 00:00:00分红: 每股2.5000元 -> 税后2.2500元
2025-06-16 17:13:02 | INFO     | log4ak.py:108 - 000858在2023-06-27 00:00:00分红: 每股3.7820元 -> 税后3.4038元
2025-06-16 17:13:03 | INFO     | log4ak.py:108 - 初始化000858持仓: 2023-11-21买入3000股 @ 155.56元
2025-06-16 17:13:03 | INFO     | log4ak.py:108 - 2023-11-21执行买入: 000858 3000股 @ 155.56元
2025-06-16 17:13:05 | INFO     | log4ak.py:108 - 000333在2024-05-15 00:00:00分红: 每股3.0000元 -> 税后2.7000元
2025-06-16 17:13:06 | INFO     | log4ak.py:108 - 000858在2024-07-12 00:00:00分红: 每股4.6700元 -> 税后4.2030元
2025-06-16 17:13:08 | INFO     | log4ak.py:108 - 000858在2025-01-23 00:00:00分红: 每股2.5760元 -> 税后2.3184元
2025-06-16 17:13:10 | INFO     | log4ak.py:108 - 000333在2025-06-12 00:00:00分红: 每股3.5000元 -> 税后3.1500元
2025-06-16 17:23:25 | INFO     | log4ak.py:108 - 组合初始化: 起始资金1000000.00元, 开始日期20230101
2025-06-16 17:23:25 | INFO     | log4ak.py:108 - 初始化000858持仓: 20230101买入0股 @ 0.00元
2025-06-16 17:23:25 | INFO     | log4ak.py:108 - 登记买入订单: 20231121买入000858 3000股
2025-06-16 17:23:25 | INFO     | log4ak.py:108 - 初始化000333持仓: 20230101买入0股 @ 0.00元
2025-06-16 17:23:25 | INFO     | log4ak.py:108 - 登记买入订单: 20230105买入000333 9000股
2025-06-16 17:23:26 | INFO     | log4ak.py:108 - 缓存000858数据: 20230101至20250612共589条
2025-06-16 17:23:26 | INFO     | log4ak.py:108 - 缓存000333数据: 20230101至20250612共589条
2025-06-16 17:23:26 | INFO     | log4ak.py:108 - 预加载000858分红数据: 29条记录
2025-06-16 17:23:26 | INFO     | log4ak.py:108 - 预加载000333分红数据: 12条记录
2025-06-16 17:23:27 | INFO     | log4ak.py:108 - 初始化000333持仓: 2023-01-05买入9000股 @ 55.00元
2025-06-16 17:23:27 | INFO     | log4ak.py:108 - 2023-01-05执行买入: 000333 9000股 @ 55.00元
2025-06-16 17:23:29 | INFO     | log4ak.py:108 - 000333在2023-06-01 00:00:00分红: 每股2.5000元 -> 税后2.2500元
2025-06-16 17:23:29 | INFO     | log4ak.py:108 - 000858在2023-06-27 00:00:00分红: 每股3.7820元 -> 税后3.4038元
2025-06-16 17:23:31 | INFO     | log4ak.py:108 - 初始化000858持仓: 2023-11-21买入3000股 @ 155.56元
2025-06-16 17:23:31 | INFO     | log4ak.py:108 - 2023-11-21执行买入: 000858 3000股 @ 155.56元
2025-06-16 17:23:33 | INFO     | log4ak.py:108 - 000333在2024-05-15 00:00:00分红: 每股3.0000元 -> 税后2.7000元
2025-06-16 17:23:33 | INFO     | log4ak.py:108 - 000858在2024-07-12 00:00:00分红: 每股4.6700元 -> 税后4.2030元
2025-06-16 17:23:35 | INFO     | log4ak.py:108 - 000858在2025-01-23 00:00:00分红: 每股2.5760元 -> 税后2.3184元
2025-06-16 17:23:37 | INFO     | log4ak.py:108 - 000333在2025-06-12 00:00:00分红: 每股3.5000元 -> 税后3.1500元
2025-06-16 17:31:39 | INFO     | log4ak.py:108 - 组合初始化: 起始资金1000000.00元, 开始日期20230101
2025-06-16 17:31:39 | INFO     | log4ak.py:108 - 初始化000858持仓: 20230101买入0股 @ 0.00元
2025-06-16 17:31:39 | INFO     | log4ak.py:108 - 登记买入订单: 20231121买入000858 3000股
2025-06-16 17:31:39 | INFO     | log4ak.py:108 - 初始化000333持仓: 20230101买入0股 @ 0.00元
2025-06-16 17:31:39 | INFO     | log4ak.py:108 - 登记买入订单: 20230105买入000333 9000股
2025-06-16 17:31:40 | INFO     | log4ak.py:108 - 缓存000333数据: 20230101至20250612共589条
2025-06-16 17:31:40 | INFO     | log4ak.py:108 - 缓存000858数据: 20230101至20250612共589条
2025-06-16 17:31:40 | INFO     | log4ak.py:108 - 预加载000333分红数据: 12条记录
2025-06-16 17:31:40 | INFO     | log4ak.py:108 - 预加载000858分红数据: 29条记录
2025-06-16 17:31:41 | INFO     | log4ak.py:108 - 初始化000333持仓: 2023-01-05买入9000股 @ 55.00元
2025-06-16 17:31:41 | INFO     | log4ak.py:108 - 2023-01-05执行买入: 000333 9000股 @ 55.00元
2025-06-16 17:31:42 | INFO     | log4ak.py:108 - 000333在2023-06-01 00:00:00分红: 每股2.5000元 -> 税后2.2500元
2025-06-16 17:31:43 | INFO     | log4ak.py:108 - 000858在2023-06-27 00:00:00分红: 每股3.7820元 -> 税后3.4038元
2025-06-16 17:31:44 | INFO     | log4ak.py:108 - 初始化000858持仓: 2023-11-21买入3000股 @ 155.56元
2025-06-16 17:31:44 | INFO     | log4ak.py:108 - 2023-11-21执行买入: 000858 3000股 @ 155.56元
2025-06-16 17:31:46 | INFO     | log4ak.py:108 - 000333在2024-05-15 00:00:00分红: 每股3.0000元 -> 税后2.7000元
2025-06-16 17:31:47 | INFO     | log4ak.py:108 - 000858在2024-07-12 00:00:00分红: 每股4.6700元 -> 税后4.2030元
2025-06-16 17:31:49 | INFO     | log4ak.py:108 - 000858在2025-01-23 00:00:00分红: 每股2.5760元 -> 税后2.3184元
2025-06-16 17:31:50 | INFO     | log4ak.py:108 - 000333在2025-06-12 00:00:00分红: 每股3.5000元 -> 税后3.1500元
2025-06-16 17:35:33 | INFO     | log4ak.py:108 - 组合初始化: 起始资金1000000.00元, 开始日期20230101
2025-06-16 17:35:33 | INFO     | log4ak.py:108 - 初始化000858持仓: 20230101买入0股 @ 0.00元
2025-06-16 17:35:33 | INFO     | log4ak.py:108 - 登记买入订单: 20231121买入000858 3000股
2025-06-16 17:35:33 | INFO     | log4ak.py:108 - 初始化000333持仓: 20230101买入0股 @ 0.00元
2025-06-16 17:35:33 | INFO     | log4ak.py:108 - 登记买入订单: 20230105买入000333 9000股
2025-06-16 17:35:33 | INFO     | log4ak.py:108 - 缓存000858数据: 20230101至20250612共589条
2025-06-16 17:35:33 | INFO     | log4ak.py:108 - 缓存000333数据: 20230101至20250612共589条
2025-06-16 17:35:33 | INFO     | log4ak.py:108 - 预加载000858分红数据: 29条记录
2025-06-16 17:35:33 | INFO     | log4ak.py:108 - 预加载000333分红数据: 12条记录
2025-06-16 17:35:34 | INFO     | log4ak.py:108 - 初始化000333持仓: 2023-01-05买入9000股 @ 55.00元
2025-06-16 17:35:34 | INFO     | log4ak.py:108 - 2023-01-05执行买入: 000333 9000股 @ 55.00元
2025-06-16 17:35:36 | INFO     | log4ak.py:108 - 000333在2023-06-01 00:00:00分红: 每股2.5000元 -> 税后2.2500元
2025-06-16 17:35:36 | INFO     | log4ak.py:108 - 000858在2023-06-27 00:00:00分红: 每股3.7820元 -> 税后3.4038元
2025-06-16 17:35:38 | INFO     | log4ak.py:108 - 初始化000858持仓: 2023-11-21买入3000股 @ 155.56元
2025-06-16 17:35:38 | INFO     | log4ak.py:108 - 2023-11-21执行买入: 000858 3000股 @ 155.56元
2025-06-16 17:35:40 | INFO     | log4ak.py:108 - 000333在2024-05-15 00:00:00分红: 每股3.0000元 -> 税后2.7000元
2025-06-16 17:35:40 | INFO     | log4ak.py:108 - 000858在2024-07-12 00:00:00分红: 每股4.6700元 -> 税后4.2030元
2025-06-16 17:35:42 | INFO     | log4ak.py:108 - 000858在2025-01-23 00:00:00分红: 每股2.5760元 -> 税后2.3184元
2025-06-16 17:35:44 | INFO     | log4ak.py:108 - 000333在2025-06-12 00:00:00分红: 每股3.5000元 -> 税后3.1500元
2025-06-16 18:24:36 | INFO     | log4ak.py:108 - 组合初始化: 起始资金1000000.00元, 开始日期20230101
2025-06-16 18:24:36 | INFO     | log4ak.py:108 - 初始化002466持仓: 20230101买入0股 @ 0.00元
2025-06-16 18:24:36 | INFO     | log4ak.py:108 - 登记买入订单: 20241008买入002466 3600股
2025-06-16 18:24:36 | INFO     | log4ak.py:108 - 初始化000858持仓: 20230101买入0股 @ 0.00元
2025-06-16 18:24:36 | INFO     | log4ak.py:108 - 登记买入订单: 20231121买入000858 900股
2025-06-16 18:24:36 | INFO     | log4ak.py:108 - 初始化000333持仓: 20230101买入0股 @ 0.00元
2025-06-16 18:24:36 | INFO     | log4ak.py:108 - 登记买入订单: 20230105买入000333 3100股
2025-06-16 18:24:36 | INFO     | log4ak.py:108 - 初始化002555持仓: 20230101买入0股 @ 0.00元
2025-06-16 18:24:36 | INFO     | log4ak.py:108 - 登记买入订单: 20240925买入002555 10400股
2025-06-16 18:24:36 | INFO     | log4ak.py:108 - 初始化002602持仓: 20230101买入0股 @ 0.00元
2025-06-16 18:24:36 | INFO     | log4ak.py:108 - 登记买入订单: 20240902买入002602 43100股
2025-06-16 18:24:37 | INFO     | log4ak.py:108 - 缓存000858数据: 20230101至20250612共589条
2025-06-16 18:24:37 | INFO     | log4ak.py:108 - 缓存000333数据: 20230101至20250612共589条
2025-06-16 18:24:37 | INFO     | log4ak.py:108 - 缓存002602数据: 20230101至20250612共588条
2025-06-16 18:24:37 | INFO     | log4ak.py:108 - 缓存002555数据: 20230101至20250612共589条
2025-06-16 18:24:38 | INFO     | log4ak.py:108 - 缓存002466数据: 20230101至20250612共589条
2025-06-16 18:24:38 | INFO     | log4ak.py:108 - 预加载000858分红数据: 29条记录
2025-06-16 18:24:38 | INFO     | log4ak.py:108 - 预加载000333分红数据: 12条记录
2025-06-16 18:24:38 | INFO     | log4ak.py:108 - 预加载002602分红数据: 17条记录
2025-06-16 18:24:38 | INFO     | log4ak.py:108 - 预加载002555分红数据: 25条记录
2025-06-16 18:24:38 | INFO     | log4ak.py:108 - 预加载002466分红数据: 15条记录
2025-06-16 18:24:39 | INFO     | log4ak.py:108 - 初始化000333持仓: 2023-01-05买入3100股 @ 55.00元
2025-06-16 18:24:39 | INFO     | log4ak.py:108 - 2023-01-05执行买入: 000333 3100股 @ 55.00元
2025-06-16 18:24:42 | INFO     | log4ak.py:108 - 000333在2023-06-01 00:00:00分红: 每股2.5000元 -> 税后2.2500元
2025-06-16 18:24:42 | INFO     | log4ak.py:108 - 002555在2023-06-02 00:00:00分红: 每股0.4500元 -> 税后0.4050元
2025-06-16 18:24:43 | INFO     | log4ak.py:108 - 000858在2023-06-27 00:00:00分红: 每股3.7820元 -> 税后3.4038元
2025-06-16 18:24:43 | INFO     | log4ak.py:108 - 002466在2023-06-30 00:00:00分红: 每股3.0000元 -> 税后2.7000元
2025-06-16 18:24:45 | INFO     | log4ak.py:108 - 002555在2023-09-28 00:00:00分红: 每股0.4500元 -> 税后0.4050元
2025-06-16 18:24:46 | INFO     | log4ak.py:108 - 初始化000858持仓: 2023-11-21买入900股 @ 155.56元
2025-06-16 18:24:46 | INFO     | log4ak.py:108 - 2023-11-21执行买入: 000858 900股 @ 155.56元
2025-06-16 18:24:50 | INFO     | log4ak.py:108 - 000333在2024-05-15 00:00:00分红: 每股3.0000元 -> 税后2.7000元
2025-06-16 18:24:51 | INFO     | log4ak.py:108 - 002555在2024-05-21 00:00:00分红: 每股0.3700元 -> 税后0.3330元
2025-06-16 18:24:51 | INFO     | log4ak.py:108 - 002555在2024-05-24 00:00:00分红: 每股0.2100元 -> 税后0.1890元
2025-06-16 18:24:51 | INFO     | log4ak.py:108 - 002466在2024-06-07 00:00:00分红: 每股1.3500元 -> 税后1.2150元
2025-06-16 18:24:52 | INFO     | log4ak.py:108 - 000858在2024-07-12 00:00:00分红: 每股4.6700元 -> 税后4.2030元
2025-06-16 18:24:53 | INFO     | log4ak.py:108 - 初始化002602持仓: 2024-09-02买入43100股 @ 3.32元
2025-06-16 18:24:53 | INFO     | log4ak.py:108 - 2024-09-02执行买入: 002602 43100股 @ 3.32元
2025-06-16 18:24:53 | INFO     | log4ak.py:108 - 002555在2024-09-04 00:00:00分红: 每股0.2100元 -> 税后0.1890元
2025-06-16 18:24:54 | INFO     | log4ak.py:108 - 初始化002555持仓: 2024-09-25买入10400股 @ 14.45元
2025-06-16 18:24:54 | INFO     | log4ak.py:108 - 2024-09-25执行买入: 002555 10400股 @ 14.45元
2025-06-16 18:24:54 | INFO     | log4ak.py:108 - 初始化002466持仓: 2024-10-08买入3600股 @ 38.79元
2025-06-16 18:24:54 | INFO     | log4ak.py:108 - 2024-10-08执行买入: 002466 3600股 @ 38.79元
2025-06-16 18:24:55 | INFO     | log4ak.py:108 - 002555在2024-11-08 00:00:00分红: 每股0.2100元 -> 税后0.1890元
2025-06-16 18:24:56 | INFO     | log4ak.py:108 - 000858在2025-01-23 00:00:00分红: 每股2.5760元 -> 税后2.3184元
2025-06-16 18:24:59 | INFO     | log4ak.py:108 - 002555在2025-05-21 00:00:00分红: 每股0.3700元 -> 税后0.3330元
2025-06-16 18:24:59 | INFO     | log4ak.py:108 - 002555在2025-05-27 00:00:00分红: 每股0.2100元 -> 税后0.1890元
2025-06-16 18:24:59 | INFO     | log4ak.py:108 - 000333在2025-06-12 00:00:00分红: 每股3.5000元 -> 税后3.1500元
2025-06-16 20:45:13 | INFO     | log4ak.py:108 - 获取到所选的 A 股上市公司列表
2025-06-16 20:45:13 | INFO     | log4ak.py:108 - 分块处理设置总记录数total_rows=125；块数chunk_num=1，每块记录数chunk_indices=125
2025-06-16 20:45:13 | INFO     | log4ak.py:108 - 开始处理第1批数据，包含125条记录
2025-06-16 20:45:13 | INFO     | log4ak.py:108 - 处理第1批第1条记录：000333
2025-06-16 20:45:13 | INFO     | log4ak.py:108 - 000333获取有效市盈率数据
2025-06-16 20:45:14 | INFO     | log4ak.py:108 - df_result数据块合并后大小为:2789
2025-06-16 20:45:14 | INFO     | log4ak.py:108 - 功执行后重置计数器error_count=0
2025-06-16 20:45:16 | INFO     | log4ak.py:108 - 处理第1批第2条记录：000523
2025-06-16 20:45:16 | INFO     | log4ak.py:108 - 000523获取有效市盈率数据
2025-06-16 20:45:16 | INFO     | log4ak.py:108 - df_result数据块合并后大小为:8789
2025-06-16 20:45:16 | INFO     | log4ak.py:108 - 功执行后重置计数器error_count=0
2025-06-16 20:45:18 | INFO     | log4ak.py:108 - 处理第1批第3条记录：000568
2025-06-16 20:45:18 | INFO     | log4ak.py:108 - 000568获取有效市盈率数据
2025-06-16 20:45:19 | INFO     | log4ak.py:108 - df_result数据块合并后大小为:14789
2025-06-16 20:45:19 | INFO     | log4ak.py:108 - 功执行后重置计数器error_count=0
2025-06-16 20:45:21 | INFO     | log4ak.py:108 - 处理第1批第4条记录：000596
2025-06-16 20:45:21 | INFO     | log4ak.py:108 - 000596获取有效市盈率数据
2025-06-16 20:45:21 | INFO     | log4ak.py:108 - df_result数据块合并后大小为:20789
2025-06-16 20:45:21 | INFO     | log4ak.py:108 - 功执行后重置计数器error_count=0
2025-06-16 20:45:23 | INFO     | log4ak.py:108 - 处理第1批第5条记录：000651
2025-06-16 20:45:23 | INFO     | log4ak.py:108 - 000651获取有效市盈率数据
2025-06-16 20:45:24 | INFO     | log4ak.py:108 - df_result数据块合并后大小为:26789
2025-06-16 20:45:24 | INFO     | log4ak.py:108 - 功执行后重置计数器error_count=0
2025-06-16 20:45:26 | INFO     | log4ak.py:108 - 处理第1批第6条记录：000848
2025-06-16 20:45:26 | INFO     | log4ak.py:108 - 000848获取有效市盈率数据
2025-06-16 20:45:27 | INFO     | log4ak.py:108 - df_result数据块合并后大小为:32789
2025-06-16 20:45:27 | INFO     | log4ak.py:108 - 功执行后重置计数器error_count=0
2025-06-16 20:45:29 | INFO     | log4ak.py:108 - 处理第1批第7条记录：000858
2025-06-16 20:45:29 | INFO     | log4ak.py:108 - 000858获取有效市盈率数据
2025-06-16 20:45:29 | INFO     | log4ak.py:108 - df_result数据块合并后大小为:38789
2025-06-16 20:45:29 | INFO     | log4ak.py:108 - 功执行后重置计数器error_count=0
2025-06-16 20:45:31 | INFO     | log4ak.py:108 - 处理第1批第8条记录：000885
2025-06-16 20:45:31 | INFO     | log4ak.py:108 - 000885获取有效市盈率数据
2025-06-16 20:45:32 | INFO     | log4ak.py:108 - df_result数据块合并后大小为:44734
2025-06-16 20:45:32 | INFO     | log4ak.py:108 - 功执行后重置计数器error_count=0
2025-06-16 20:45:34 | INFO     | log4ak.py:108 - 处理第1批第9条记录：000921
2025-06-16 20:45:34 | INFO     | log4ak.py:108 - 000921获取有效市盈率数据
2025-06-16 20:45:34 | INFO     | log4ak.py:108 - df_result数据块合并后大小为:50663
2025-06-16 20:45:34 | INFO     | log4ak.py:108 - 功执行后重置计数器error_count=0
2025-06-16 20:45:36 | INFO     | log4ak.py:108 - 处理第1批第10条记录：000963
2025-06-16 20:45:36 | INFO     | log4ak.py:108 - 000963获取有效市盈率数据
2025-06-16 20:45:37 | INFO     | log4ak.py:108 - df_result数据块合并后大小为:56648
2025-06-16 20:45:37 | INFO     | log4ak.py:108 - 功执行后重置计数器error_count=0
2025-06-16 20:45:39 | INFO     | log4ak.py:108 - 处理第1批第11条记录：000999
2025-06-16 20:45:39 | INFO     | log4ak.py:108 - 000999获取有效市盈率数据
2025-06-16 20:45:39 | INFO     | log4ak.py:108 - df_result数据块合并后大小为:62502
2025-06-16 20:45:39 | INFO     | log4ak.py:108 - 功执行后重置计数器error_count=0
2025-06-16 20:45:41 | INFO     | log4ak.py:108 - 处理第1批第12条记录：002001
2025-06-16 20:45:41 | INFO     | log4ak.py:108 - 002001获取有效市盈率数据
2025-06-16 20:45:42 | INFO     | log4ak.py:108 - df_result数据块合并后大小为:67540
2025-06-16 20:45:42 | INFO     | log4ak.py:108 - 功执行后重置计数器error_count=0
2025-06-16 20:45:44 | INFO     | log4ak.py:108 - 处理第1批第13条记录：002003
2025-06-16 20:45:44 | INFO     | log4ak.py:108 - 002003获取有效市盈率数据
2025-06-16 20:45:45 | INFO     | log4ak.py:108 - df_result数据块合并后大小为:72473
2025-06-16 20:45:45 | INFO     | log4ak.py:108 - 功执行后重置计数器error_count=0
2025-06-16 20:45:47 | INFO     | log4ak.py:108 - 处理第1批第14条记录：002014
2025-06-16 20:45:47 | INFO     | log4ak.py:108 - 002014获取有效市盈率数据
2025-06-16 20:45:47 | INFO     | log4ak.py:108 - df_result数据块合并后大小为:77391
2025-06-16 20:45:47 | INFO     | log4ak.py:108 - 功执行后重置计数器error_count=0
2025-06-16 20:45:49 | INFO     | log4ak.py:108 - 处理第1批第15条记录：002028
2025-06-16 20:45:49 | INFO     | log4ak.py:108 - 002028获取有效市盈率数据
2025-06-16 20:45:50 | INFO     | log4ak.py:108 - df_result数据块合并后大小为:82414
2025-06-16 20:45:50 | INFO     | log4ak.py:108 - 功执行后重置计数器error_count=0
2025-06-16 20:45:52 | INFO     | log4ak.py:108 - 处理第1批第16条记录：002032
2025-06-16 20:45:52 | INFO     | log4ak.py:108 - 002032获取有效市盈率数据
2025-06-16 20:45:52 | INFO     | log4ak.py:108 - df_result数据块合并后大小为:87369
2025-06-16 20:45:52 | INFO     | log4ak.py:108 - 功执行后重置计数器error_count=0
2025-06-16 20:45:54 | INFO     | log4ak.py:108 - 处理第1批第17条记录：002128
2025-06-16 20:45:54 | INFO     | log4ak.py:108 - 002128获取有效市盈率数据
2025-06-16 20:45:55 | INFO     | log4ak.py:108 - df_result数据块合并后大小为:91593
2025-06-16 20:45:55 | INFO     | log4ak.py:108 - 功执行后重置计数器error_count=0
2025-06-16 20:45:57 | INFO     | log4ak.py:108 - 处理第1批第18条记录：002142
2025-06-16 20:45:57 | INFO     | log4ak.py:108 - 002142获取有效市盈率数据
2025-06-16 20:45:57 | INFO     | log4ak.py:108 - df_result数据块合并后大小为:95922
2025-06-16 20:45:57 | INFO     | log4ak.py:108 - 功执行后重置计数器error_count=0
2025-06-16 20:45:59 | INFO     | log4ak.py:108 - 处理第1批第19条记录：002179
2025-06-16 20:45:59 | INFO     | log4ak.py:108 - 002179获取有效市盈率数据
2025-06-16 20:46:00 | INFO     | log4ak.py:108 - df_result数据块合并后大小为:100185
2025-06-16 20:46:00 | INFO     | log4ak.py:108 - 功执行后重置计数器error_count=0
2025-06-16 20:46:02 | INFO     | log4ak.py:108 - 处理第1批第20条记录：002262
2025-06-16 20:46:02 | INFO     | log4ak.py:108 - 002262获取有效市盈率数据
2025-06-16 20:46:02 | INFO     | log4ak.py:108 - df_result数据块合并后大小为:104282
2025-06-16 20:46:02 | INFO     | log4ak.py:108 - 功执行后重置计数器error_count=0
2025-06-16 20:46:04 | INFO     | log4ak.py:108 - 处理第1批第21条记录：002311
2025-06-16 20:46:04 | INFO     | log4ak.py:108 - 002311获取有效市盈率数据
2025-06-16 20:46:05 | INFO     | log4ak.py:108 - df_result数据块合并后大小为:108032
2025-06-16 20:46:05 | INFO     | log4ak.py:108 - 功执行后重置计数器error_count=0
2025-06-16 20:46:07 | INFO     | log4ak.py:108 - 处理第1批第22条记录：002318
2025-06-16 20:46:07 | INFO     | log4ak.py:108 - 002318获取有效市盈率数据
2025-06-16 20:46:07 | INFO     | log4ak.py:108 - df_result数据块合并后大小为:111761
2025-06-16 20:46:07 | INFO     | log4ak.py:108 - 功执行后重置计数器error_count=0
2025-06-16 20:46:09 | INFO     | log4ak.py:108 - 处理第1批第23条记录：002463
2025-06-16 20:46:09 | INFO     | log4ak.py:108 - 002463获取有效市盈率数据
2025-06-16 20:46:10 | INFO     | log4ak.py:108 - df_result数据块合并后大小为:115350
2025-06-16 20:46:10 | INFO     | log4ak.py:108 - 功执行后重置计数器error_count=0
2025-06-16 20:46:12 | INFO     | log4ak.py:108 - 处理第1批第24条记录：002475
2025-06-16 20:46:12 | INFO     | log4ak.py:108 - 002475获取有效市盈率数据
2025-06-16 20:46:13 | INFO     | log4ak.py:108 - df_result数据块合并后大小为:118900
2025-06-16 20:46:13 | INFO     | log4ak.py:108 - 功执行后重置计数器error_count=0
2025-06-16 20:46:15 | INFO     | log4ak.py:108 - 处理第1批第25条记录：002595
2025-06-16 20:46:15 | INFO     | log4ak.py:108 - 002595获取有效市盈率数据
2025-06-16 20:46:15 | INFO     | log4ak.py:108 - df_result数据块合并后大小为:122288
2025-06-16 20:46:15 | INFO     | log4ak.py:108 - 功执行后重置计数器error_count=0
2025-06-16 20:46:17 | INFO     | log4ak.py:108 - 处理第1批第26条记录：002648
2025-06-16 20:46:17 | INFO     | log4ak.py:108 - 002648获取有效市盈率数据
2025-06-16 20:46:17 | INFO     | log4ak.py:108 - df_result数据块合并后大小为:125529
2025-06-16 20:46:17 | INFO     | log4ak.py:108 - 功执行后重置计数器error_count=0
2025-06-16 20:46:19 | INFO     | log4ak.py:108 - 处理第1批第27条记录：002668
2025-06-16 20:46:19 | INFO     | log4ak.py:108 - 002668获取有效市盈率数据
2025-06-16 20:46:20 | INFO     | log4ak.py:108 - df_result数据块合并后大小为:128501
2025-06-16 20:46:20 | INFO     | log4ak.py:108 - 功执行后重置计数器error_count=0
2025-06-16 20:46:22 | INFO     | log4ak.py:108 - 处理第1批第28条记录：002705
2025-06-16 20:46:22 | INFO     | log4ak.py:108 - 002705获取有效市盈率数据
2025-06-16 20:46:22 | INFO     | log4ak.py:108 - df_result数据块合并后大小为:131271
2025-06-16 20:46:22 | INFO     | log4ak.py:108 - 功执行后重置计数器error_count=0
2025-06-16 20:46:24 | INFO     | log4ak.py:108 - 处理第1批第29条记录：002749
2025-06-16 20:46:24 | INFO     | log4ak.py:108 - 002749获取有效市盈率数据
2025-06-16 20:46:25 | INFO     | log4ak.py:108 - df_result数据块合并后大小为:133760
2025-06-16 20:46:25 | INFO     | log4ak.py:108 - 功执行后重置计数器error_count=0
2025-06-16 20:46:27 | INFO     | log4ak.py:108 - 处理第1批第30条记录：002920
2025-06-16 20:46:27 | INFO     | log4ak.py:108 - 002920获取有效市盈率数据
2025-06-16 20:46:27 | INFO     | log4ak.py:108 - df_result数据块合并后大小为:135570
2025-06-16 20:46:27 | INFO     | log4ak.py:108 - 功执行后重置计数器error_count=0
2025-06-16 20:46:29 | INFO     | log4ak.py:108 - 处理第1批第31条记录：002984
2025-06-16 20:46:29 | INFO     | log4ak.py:108 - 002984获取有效市盈率数据
2025-06-16 20:46:30 | INFO     | log4ak.py:108 - df_result数据块合并后大小为:136720
2025-06-16 20:46:30 | INFO     | log4ak.py:108 - 功执行后重置计数器error_count=0
2025-06-16 20:46:32 | INFO     | log4ak.py:108 - 处理第1批第32条记录：002991
2025-06-16 20:46:32 | INFO     | log4ak.py:108 - 002991获取有效市盈率数据
2025-06-16 20:46:32 | INFO     | log4ak.py:108 - df_result数据块合并后大小为:137900
2025-06-16 20:46:32 | INFO     | log4ak.py:108 - 功执行后重置计数器error_count=0
2025-06-16 20:46:34 | INFO     | log4ak.py:108 - 处理第1批第33条记录：002997
2025-06-16 20:46:34 | INFO     | log4ak.py:108 - 002997获取有效市盈率数据
2025-06-16 20:46:34 | INFO     | log4ak.py:108 - df_result数据块合并后大小为:139056
2025-06-16 20:46:34 | INFO     | log4ak.py:108 - 功执行后重置计数器error_count=0
2025-06-16 20:46:36 | INFO     | log4ak.py:108 - 处理第1批第34条记录：003000
2025-06-16 20:46:36 | INFO     | log4ak.py:108 - 003000获取有效市盈率数据
2025-06-16 20:46:37 | INFO     | log4ak.py:108 - df_result数据块合并后大小为:140205
2025-06-16 20:46:37 | INFO     | log4ak.py:108 - 功执行后重置计数器error_count=0
2025-06-16 20:46:39 | INFO     | log4ak.py:108 - 处理第1批第35条记录：003013
2025-06-16 20:46:39 | INFO     | log4ak.py:108 - 003013获取有效市盈率数据
2025-06-16 20:46:39 | INFO     | log4ak.py:108 - df_result数据块合并后大小为:141322
2025-06-16 20:46:39 | INFO     | log4ak.py:108 - 功执行后重置计数器error_count=0
2025-06-16 20:46:41 | INFO     | log4ak.py:108 - 处理第1批第36条记录：300012
2025-06-16 20:46:41 | INFO     | log4ak.py:108 - 300012获取有效市盈率数据
2025-06-16 20:46:42 | INFO     | log4ak.py:108 - df_result数据块合并后大小为:145018
2025-06-16 20:46:42 | INFO     | log4ak.py:108 - 功执行后重置计数器error_count=0
2025-06-16 20:46:44 | INFO     | log4ak.py:108 - 处理第1批第37条记录：300274
2025-06-16 20:46:44 | INFO     | log4ak.py:108 - 300274获取有效市盈率数据
2025-06-16 20:46:44 | INFO     | log4ak.py:108 - df_result数据块合并后大小为:148297
2025-06-16 20:46:44 | INFO     | log4ak.py:108 - 功执行后重置计数器error_count=0
2025-06-16 20:46:46 | INFO     | log4ak.py:108 - 处理第1批第38条记录：300360
2025-06-16 20:46:46 | INFO     | log4ak.py:108 - 300360获取有效市盈率数据
2025-06-16 20:46:47 | INFO     | log4ak.py:108 - df_result数据块合并后大小为:150978
2025-06-16 20:46:47 | INFO     | log4ak.py:108 - 功执行后重置计数器error_count=0
2025-06-16 20:46:49 | INFO     | log4ak.py:108 - 处理第1批第39条记录：300394
2025-06-16 20:46:49 | INFO     | log4ak.py:108 - 300394获取有效市盈率数据
2025-06-16 20:46:49 | INFO     | log4ak.py:108 - df_result数据块合并后大小为:153473
2025-06-16 20:46:49 | INFO     | log4ak.py:108 - 功执行后重置计数器error_count=0
2025-06-16 20:46:51 | INFO     | log4ak.py:108 - 处理第1批第40条记录：300415
2025-06-16 20:46:51 | INFO     | log4ak.py:108 - 300415获取有效市盈率数据
2025-06-16 20:46:52 | INFO     | log4ak.py:108 - df_result数据块合并后大小为:155988
2025-06-16 20:46:52 | INFO     | log4ak.py:108 - 功执行后重置计数器error_count=0
2025-06-16 20:46:54 | INFO     | log4ak.py:108 - 处理第1批第41条记录：300453
2025-06-16 20:46:54 | INFO     | log4ak.py:108 - 300453获取有效市盈率数据
2025-06-16 20:46:54 | INFO     | log4ak.py:108 - df_result数据块合并后大小为:158429
2025-06-16 20:46:54 | INFO     | log4ak.py:108 - 功执行后重置计数器error_count=0
2025-06-16 20:46:56 | INFO     | log4ak.py:108 - 处理第1批第42条记录：300470
2025-06-16 20:46:56 | INFO     | log4ak.py:108 - 300470获取有效市盈率数据
2025-06-16 20:46:56 | INFO     | log4ak.py:108 - df_result数据块合并后大小为:160860
2025-06-16 20:46:56 | INFO     | log4ak.py:108 - 功执行后重置计数器error_count=0
2025-06-16 20:46:58 | INFO     | log4ak.py:108 - 处理第1批第43条记录：300487
2025-06-16 20:46:58 | INFO     | log4ak.py:108 - 300487获取有效市盈率数据
2025-06-16 20:46:59 | INFO     | log4ak.py:108 - df_result数据块合并后大小为:163269
2025-06-16 20:46:59 | INFO     | log4ak.py:108 - 功执行后重置计数器error_count=0
2025-06-16 20:47:01 | INFO     | log4ak.py:108 - 处理第1批第44条记录：300628
2025-06-16 20:47:01 | INFO     | log4ak.py:108 - 300628获取有效市盈率数据
2025-06-16 20:47:01 | INFO     | log4ak.py:108 - df_result数据块合并后大小为:165271
2025-06-16 20:47:01 | INFO     | log4ak.py:108 - 功执行后重置计数器error_count=0
2025-06-16 20:47:03 | INFO     | log4ak.py:108 - 处理第1批第45条记录：300693
2025-06-16 20:47:03 | INFO     | log4ak.py:108 - 300693获取有效市盈率数据
2025-06-16 20:47:04 | INFO     | log4ak.py:108 - df_result数据块合并后大小为:167161
2025-06-16 20:47:04 | INFO     | log4ak.py:108 - 功执行后重置计数器error_count=0
2025-06-16 20:47:06 | INFO     | log4ak.py:108 - 处理第1批第46条记录：300705
2025-06-16 20:47:06 | INFO     | log4ak.py:108 - 300705获取有效市盈率数据
2025-06-16 20:47:06 | INFO     | log4ak.py:108 - df_result数据块合并后大小为:169026
2025-06-16 20:47:06 | INFO     | log4ak.py:108 - 功执行后重置计数器error_count=0
2025-06-16 20:47:08 | INFO     | log4ak.py:108 - 处理第1批第47条记录：300724
2025-06-16 20:47:08 | INFO     | log4ak.py:108 - 300724获取有效市盈率数据
2025-06-16 20:47:08 | INFO     | log4ak.py:108 - df_result数据块合并后大小为:170684
2025-06-16 20:47:08 | INFO     | log4ak.py:108 - 功执行后重置计数器error_count=0
2025-06-16 20:47:10 | INFO     | log4ak.py:108 - 处理第1批第48条记录：300750
2025-06-16 20:47:10 | INFO     | log4ak.py:108 - 300750获取有效市盈率数据
2025-06-16 20:47:11 | INFO     | log4ak.py:108 - df_result数据块合并后大小为:172385
2025-06-16 20:47:11 | INFO     | log4ak.py:108 - 功执行后重置计数器error_count=0
2025-06-16 20:47:13 | INFO     | log4ak.py:108 - 处理第1批第49条记录：300760
2025-06-16 20:47:13 | INFO     | log4ak.py:108 - 300760获取有效市盈率数据
2025-06-16 20:47:13 | INFO     | log4ak.py:108 - df_result数据块合并后大小为:174002
2025-06-16 20:47:13 | INFO     | log4ak.py:108 - 功执行后重置计数器error_count=0
2025-06-16 20:47:15 | INFO     | log4ak.py:108 - 处理第1批第50条记录：300832
2025-06-16 20:47:15 | INFO     | log4ak.py:108 - 300832获取有效市盈率数据
2025-06-16 20:47:16 | INFO     | log4ak.py:108 - df_result数据块合并后大小为:175238
2025-06-16 20:47:16 | INFO     | log4ak.py:108 - 功执行后重置计数器error_count=0
2025-06-16 20:47:18 | INFO     | log4ak.py:108 - 处理第1批第51条记录：300842
2025-06-16 20:47:18 | INFO     | log4ak.py:108 - 300842获取有效市盈率数据
2025-06-16 20:47:18 | INFO     | log4ak.py:108 - df_result数据块合并后大小为:176437
2025-06-16 20:47:18 | INFO     | log4ak.py:108 - 功执行后重置计数器error_count=0
2025-06-16 20:47:20 | INFO     | log4ak.py:108 - 处理第1批第52条记录：300864
2025-06-16 20:47:20 | INFO     | log4ak.py:108 - 300864获取有效市盈率数据
2025-06-16 20:47:21 | INFO     | log4ak.py:108 - df_result数据块合并后大小为:177601
2025-06-16 20:47:21 | INFO     | log4ak.py:108 - 功执行后重置计数器error_count=0
2025-06-16 20:47:23 | INFO     | log4ak.py:108 - 处理第1批第53条记录：300866
2025-06-16 20:47:23 | INFO     | log4ak.py:108 - 300866获取有效市盈率数据
2025-06-16 20:47:23 | INFO     | log4ak.py:108 - df_result数据块合并后大小为:178765
2025-06-16 20:47:23 | INFO     | log4ak.py:108 - 功执行后重置计数器error_count=0
2025-06-16 20:47:25 | INFO     | log4ak.py:108 - 处理第1批第54条记录：300880
2025-06-16 20:47:25 | INFO     | log4ak.py:108 - 300880获取有效市盈率数据
2025-06-16 20:47:25 | INFO     | log4ak.py:108 - df_result数据块合并后大小为:179923
2025-06-16 20:47:25 | INFO     | log4ak.py:108 - 功执行后重置计数器error_count=0
2025-06-16 20:47:27 | INFO     | log4ak.py:108 - 处理第1批第55条记录：300896
2025-06-16 20:47:27 | INFO     | log4ak.py:108 - 300896获取有效市盈率数据
2025-06-16 20:47:28 | INFO     | log4ak.py:108 - df_result数据块合并后大小为:181062
2025-06-16 20:47:28 | INFO     | log4ak.py:108 - 功执行后重置计数器error_count=0
2025-06-16 20:47:30 | INFO     | log4ak.py:108 - 处理第1批第56条记录：300910
2025-06-16 20:47:30 | INFO     | log4ak.py:108 - 300910获取有效市盈率数据
2025-06-16 20:47:30 | INFO     | log4ak.py:108 - df_result数据块合并后大小为:182163
2025-06-16 20:47:30 | INFO     | log4ak.py:108 - 功执行后重置计数器error_count=0
2025-06-16 20:47:32 | INFO     | log4ak.py:108 - 处理第1批第57条记录：300969
2025-06-16 20:47:32 | INFO     | log4ak.py:108 - 300969获取有效市盈率数据
2025-06-16 20:47:33 | INFO     | log4ak.py:108 - df_result数据块合并后大小为:183175
2025-06-16 20:47:33 | INFO     | log4ak.py:108 - 功执行后重置计数器error_count=0
2025-06-16 20:47:35 | INFO     | log4ak.py:108 - 处理第1批第58条记录：300979
2025-06-16 20:47:35 | INFO     | log4ak.py:108 - 300979获取有效市盈率数据
2025-06-16 20:47:35 | INFO     | log4ak.py:108 - df_result数据块合并后大小为:184177
2025-06-16 20:47:35 | INFO     | log4ak.py:108 - 功执行后重置计数器error_count=0
2025-06-16 20:47:37 | INFO     | log4ak.py:108 - 处理第1批第59条记录：300993
2025-06-16 20:47:37 | INFO     | log4ak.py:108 - 300993获取有效市盈率数据
2025-06-16 20:47:37 | INFO     | log4ak.py:108 - df_result数据块合并后大小为:185162
2025-06-16 20:47:37 | INFO     | log4ak.py:108 - 功执行后重置计数器error_count=0
2025-06-16 20:47:39 | INFO     | log4ak.py:108 - 处理第1批第60条记录：301003
2025-06-16 20:47:39 | INFO     | log4ak.py:108 - 301003获取有效市盈率数据
2025-06-16 20:47:40 | INFO     | log4ak.py:108 - df_result数据块合并后大小为:186141
2025-06-16 20:47:40 | INFO     | log4ak.py:108 - 功执行后重置计数器error_count=0
2025-06-16 20:47:42 | INFO     | log4ak.py:108 - 处理第1批第61条记录：301004
2025-06-16 20:47:42 | INFO     | log4ak.py:108 - 301004获取有效市盈率数据
2025-06-16 20:47:42 | INFO     | log4ak.py:108 - df_result数据块合并后大小为:187103
2025-06-16 20:47:42 | INFO     | log4ak.py:108 - 功执行后重置计数器error_count=0
2025-06-16 20:47:44 | INFO     | log4ak.py:108 - 处理第1批第62条记录：301015
2025-06-16 20:47:44 | INFO     | log4ak.py:108 - 301015获取有效市盈率数据
2025-06-16 20:47:45 | INFO     | log4ak.py:108 - df_result数据块合并后大小为:188062
2025-06-16 20:47:45 | INFO     | log4ak.py:108 - 功执行后重置计数器error_count=0
2025-06-16 20:47:47 | INFO     | log4ak.py:108 - 处理第1批第63条记录：301028
2025-06-16 20:47:47 | INFO     | log4ak.py:108 - 301028获取有效市盈率数据
2025-06-16 20:47:47 | INFO     | log4ak.py:108 - df_result数据块合并后大小为:189007
2025-06-16 20:47:47 | INFO     | log4ak.py:108 - 功执行后重置计数器error_count=0
2025-06-16 20:47:49 | INFO     | log4ak.py:108 - 处理第1批第64条记录：301043
2025-06-16 20:47:49 | INFO     | log4ak.py:108 - 301043获取有效市盈率数据
2025-06-16 20:47:50 | INFO     | log4ak.py:108 - df_result数据块合并后大小为:189936
2025-06-16 20:47:50 | INFO     | log4ak.py:108 - 功执行后重置计数器error_count=0
2025-06-16 20:47:52 | INFO     | log4ak.py:108 - 处理第1批第65条记录：301061
2025-06-16 20:47:52 | INFO     | log4ak.py:108 - 301061获取有效市盈率数据
2025-06-16 20:47:52 | INFO     | log4ak.py:108 - df_result数据块合并后大小为:190842
2025-06-16 20:47:52 | INFO     | log4ak.py:108 - 功执行后重置计数器error_count=0
2025-06-16 20:47:54 | INFO     | log4ak.py:108 - 处理第1批第66条记录：301077
2025-06-16 20:47:54 | INFO     | log4ak.py:108 - 301077获取有效市盈率数据
2025-06-16 20:47:54 | INFO     | log4ak.py:108 - df_result数据块合并后大小为:191737
2025-06-16 20:47:54 | INFO     | log4ak.py:108 - 功执行后重置计数器error_count=0
2025-06-16 20:47:56 | INFO     | log4ak.py:108 - 处理第1批第67条记录：301109
2025-06-16 20:47:56 | INFO     | log4ak.py:108 - 301109获取有效市盈率数据
2025-06-16 20:47:57 | INFO     | log4ak.py:108 - df_result数据块合并后大小为:192496
2025-06-16 20:47:57 | INFO     | log4ak.py:108 - 功执行后重置计数器error_count=0
2025-06-16 20:47:59 | INFO     | log4ak.py:108 - 处理第1批第68条记录：301187
2025-06-16 20:47:59 | INFO     | log4ak.py:108 - 301187获取有效市盈率数据
2025-06-16 20:47:59 | INFO     | log4ak.py:108 - df_result数据块合并后大小为:193258
2025-06-16 20:47:59 | INFO     | log4ak.py:108 - 功执行后重置计数器error_count=0
2025-06-16 20:48:01 | INFO     | log4ak.py:108 - 处理第1批第69条记录：301222
2025-06-16 20:48:01 | INFO     | log4ak.py:108 - 301222获取有效市盈率数据
2025-06-16 20:48:02 | INFO     | log4ak.py:108 - df_result数据块合并后大小为:194050
2025-06-16 20:48:02 | INFO     | log4ak.py:108 - 功执行后重置计数器error_count=0
2025-06-16 20:48:04 | INFO     | log4ak.py:108 - 处理第1批第70条记录：600211
2025-06-16 20:48:04 | INFO     | log4ak.py:108 - 600211获取有效市盈率数据
2025-06-16 20:48:04 | INFO     | log4ak.py:108 - df_result数据块合并后大小为:200050
2025-06-16 20:48:04 | INFO     | log4ak.py:108 - 功执行后重置计数器error_count=0
2025-06-16 20:48:06 | INFO     | log4ak.py:108 - 处理第1批第71条记录：600285
2025-06-16 20:48:06 | INFO     | log4ak.py:108 - 600285获取有效市盈率数据
2025-06-16 20:48:07 | INFO     | log4ak.py:108 - df_result数据块合并后大小为:205930
2025-06-16 20:48:07 | INFO     | log4ak.py:108 - 功执行后重置计数器error_count=0
2025-06-16 20:48:09 | INFO     | log4ak.py:108 - 处理第1批第72条记录：600406
2025-06-16 20:48:09 | INFO     | log4ak.py:108 - 600406获取有效市盈率数据
2025-06-16 20:48:09 | INFO     | log4ak.py:108 - df_result数据块合并后大小为:210984
2025-06-16 20:48:09 | INFO     | log4ak.py:108 - 功执行后重置计数器error_count=0
2025-06-16 20:48:11 | INFO     | log4ak.py:108 - 处理第1批第73条记录：600519
2025-06-16 20:48:11 | INFO     | log4ak.py:108 - 600519获取有效市盈率数据
2025-06-16 20:48:12 | INFO     | log4ak.py:108 - df_result数据块合并后大小为:216682
2025-06-16 20:48:12 | INFO     | log4ak.py:108 - 功执行后重置计数器error_count=0
2025-06-16 20:48:14 | INFO     | log4ak.py:108 - 处理第1批第74条记录：600563
2025-06-16 20:48:14 | INFO     | log4ak.py:108 - 600563获取有效市盈率数据
2025-06-16 20:48:15 | INFO     | log4ak.py:108 - df_result数据块合并后大小为:222107
2025-06-16 20:48:15 | INFO     | log4ak.py:108 - 功执行后重置计数器error_count=0
2025-06-16 20:48:17 | INFO     | log4ak.py:108 - 处理第1批第75条记录：600660
2025-06-16 20:48:17 | INFO     | log4ak.py:108 - 600660获取有效市盈率数据
2025-06-16 20:48:17 | INFO     | log4ak.py:108 - df_result数据块合并后大小为:228107
2025-06-16 20:48:17 | INFO     | log4ak.py:108 - 功执行后重置计数器error_count=0
2025-06-16 20:48:19 | INFO     | log4ak.py:108 - 处理第1批第76条记录：600690
2025-06-16 20:48:19 | INFO     | log4ak.py:108 - 600690获取有效市盈率数据
2025-06-16 20:48:20 | INFO     | log4ak.py:108 - df_result数据块合并后大小为:234107
2025-06-16 20:48:20 | INFO     | log4ak.py:108 - 功执行后重置计数器error_count=0
2025-06-16 20:48:22 | INFO     | log4ak.py:108 - 处理第1批第77条记录：600729
2025-06-16 20:48:22 | INFO     | log4ak.py:108 - 600729获取有效市盈率数据
2025-06-16 20:48:22 | INFO     | log4ak.py:108 - df_result数据块合并后大小为:240107
2025-06-16 20:48:22 | INFO     | log4ak.py:108 - 功执行后重置计数器error_count=0
2025-06-16 20:48:24 | INFO     | log4ak.py:108 - 处理第1批第78条记录：600750
2025-06-16 20:48:24 | INFO     | log4ak.py:108 - 600750获取有效市盈率数据
2025-06-16 20:48:25 | INFO     | log4ak.py:108 - df_result数据块合并后大小为:246107
2025-06-16 20:48:25 | INFO     | log4ak.py:108 - 功执行后重置计数器error_count=0
2025-06-16 20:48:27 | INFO     | log4ak.py:108 - 处理第1批第79条记录：600779
2025-06-16 20:48:27 | INFO     | log4ak.py:108 - 600779获取有效市盈率数据
2025-06-16 20:48:28 | INFO     | log4ak.py:108 - df_result数据块合并后大小为:252107
2025-06-16 20:48:28 | INFO     | log4ak.py:108 - 功执行后重置计数器error_count=0
2025-06-16 20:48:30 | INFO     | log4ak.py:108 - 处理第1批第80条记录：600809
2025-06-16 20:48:30 | INFO     | log4ak.py:108 - 600809获取有效市盈率数据
2025-06-16 20:48:30 | INFO     | log4ak.py:108 - df_result数据块合并后大小为:258107
2025-06-16 20:48:30 | INFO     | log4ak.py:108 - 功执行后重置计数器error_count=0
2025-06-16 20:48:32 | INFO     | log4ak.py:108 - 处理第1批第81条记录：600885
2025-06-16 20:48:32 | INFO     | log4ak.py:108 - 600885获取有效市盈率数据
2025-06-16 20:48:33 | INFO     | log4ak.py:108 - df_result数据块合并后大小为:264107
2025-06-16 20:48:33 | INFO     | log4ak.py:108 - 功执行后重置计数器error_count=0
2025-06-16 20:48:35 | INFO     | log4ak.py:108 - 处理第1批第82条记录：600900
2025-06-16 20:48:35 | INFO     | log4ak.py:108 - 600900获取有效市盈率数据
2025-06-16 20:48:35 | INFO     | log4ak.py:108 - df_result数据块合并后大小为:268922
2025-06-16 20:48:35 | INFO     | log4ak.py:108 - 功执行后重置计数器error_count=0
2025-06-16 20:48:38 | INFO     | log4ak.py:108 - 处理第1批第83条记录：600901
2025-06-16 20:48:38 | INFO     | log4ak.py:108 - 600901获取有效市盈率数据
2025-06-16 20:48:38 | INFO     | log4ak.py:108 - df_result数据块合并后大小为:270691
2025-06-16 20:48:38 | INFO     | log4ak.py:108 - 功执行后重置计数器error_count=0
2025-06-16 20:48:40 | INFO     | log4ak.py:108 - 处理第1批第84条记录：600961
2025-06-16 20:48:40 | INFO     | log4ak.py:108 - 600961获取有效市盈率数据
2025-06-16 20:48:41 | INFO     | log4ak.py:108 - df_result数据块合并后大小为:275653
2025-06-16 20:48:41 | INFO     | log4ak.py:108 - 功执行后重置计数器error_count=0
2025-06-16 20:48:43 | INFO     | log4ak.py:108 - 处理第1批第85条记录：600970
2025-06-16 20:48:43 | INFO     | log4ak.py:108 - 600970获取有效市盈率数据
2025-06-16 20:48:43 | INFO     | log4ak.py:108 - df_result数据块合并后大小为:280419
2025-06-16 20:48:43 | INFO     | log4ak.py:108 - 功执行后重置计数器error_count=0
2025-06-16 20:48:45 | INFO     | log4ak.py:108 - 处理第1批第86条记录：601058
2025-06-16 20:48:45 | INFO     | log4ak.py:108 - 601058获取有效市盈率数据
2025-06-16 20:48:46 | INFO     | log4ak.py:108 - df_result数据块合并后大小为:283772
2025-06-16 20:48:46 | INFO     | log4ak.py:108 - 功执行后重置计数器error_count=0
2025-06-16 20:48:48 | INFO     | log4ak.py:108 - 处理第1批第87条记录：601138
2025-06-16 20:48:48 | INFO     | log4ak.py:108 - 601138获取有效市盈率数据
2025-06-16 20:48:49 | INFO     | log4ak.py:108 - df_result数据块合并后大小为:285474
2025-06-16 20:48:49 | INFO     | log4ak.py:108 - 功执行后重置计数器error_count=0
2025-06-16 20:48:51 | INFO     | log4ak.py:108 - 处理第1批第88条记录：601336
2025-06-16 20:48:51 | INFO     | log4ak.py:108 - 601336获取有效市盈率数据
2025-06-16 20:48:51 | INFO     | log4ak.py:108 - df_result数据块合并后大小为:288722
2025-06-16 20:48:51 | INFO     | log4ak.py:108 - 功执行后重置计数器error_count=0
2025-06-16 20:48:53 | INFO     | log4ak.py:108 - 处理第1批第89条记录：601702
2025-06-16 20:48:53 | INFO     | log4ak.py:108 - 601702获取有效市盈率数据
2025-06-16 20:48:54 | INFO     | log4ak.py:108 - df_result数据块合并后大小为:289876
2025-06-16 20:48:54 | INFO     | log4ak.py:108 - 功执行后重置计数器error_count=0
2025-06-16 20:48:56 | INFO     | log4ak.py:108 - 处理第1批第90条记录：601799
2025-06-16 20:48:56 | INFO     | log4ak.py:108 - 601799获取有效市盈率数据
2025-06-16 20:48:56 | INFO     | log4ak.py:108 - df_result数据块合并后大小为:293311
2025-06-16 20:48:56 | INFO     | log4ak.py:108 - 功执行后重置计数器error_count=0
2025-06-16 20:48:58 | INFO     | log4ak.py:108 - 处理第1批第91条记录：601899
2025-06-16 20:48:58 | INFO     | log4ak.py:108 - 601899获取有效市盈率数据
2025-06-16 20:48:59 | INFO     | log4ak.py:108 - df_result数据块合并后大小为:297431
2025-06-16 20:48:59 | INFO     | log4ak.py:108 - 功执行后重置计数器error_count=0
2025-06-16 20:49:01 | INFO     | log4ak.py:108 - 处理第1批第92条记录：601975
2025-06-16 20:49:01 | INFO     | log4ak.py:108 - 601975获取有效市盈率数据
2025-06-16 20:49:01 | INFO     | log4ak.py:108 - df_result数据块合并后大小为:298989
2025-06-16 20:49:01 | INFO     | log4ak.py:108 - 功执行后重置计数器error_count=0
2025-06-16 20:49:03 | INFO     | log4ak.py:108 - 处理第1批第93条记录：603040
2025-06-16 20:49:03 | INFO     | log4ak.py:108 - 603040获取有效市盈率数据
2025-06-16 20:49:04 | INFO     | log4ak.py:108 - df_result数据块合并后大小为:301016
2025-06-16 20:49:04 | INFO     | log4ak.py:108 - 功执行后重置计数器error_count=0
2025-06-16 20:49:06 | INFO     | log4ak.py:108 - 处理第1批第94条记录：603088
2025-06-16 20:49:06 | INFO     | log4ak.py:108 - 603088获取有效市盈率数据
2025-06-16 20:49:06 | INFO     | log4ak.py:108 - df_result数据块合并后大小为:303574
2025-06-16 20:49:06 | INFO     | log4ak.py:108 - 功执行后重置计数器error_count=0
2025-06-16 20:49:08 | INFO     | log4ak.py:108 - 处理第1批第95条记录：603132
2025-06-16 20:49:08 | INFO     | log4ak.py:108 - 603132获取有效市盈率数据
2025-06-16 20:49:09 | INFO     | log4ak.py:108 - df_result数据块合并后大小为:304377
2025-06-16 20:49:09 | INFO     | log4ak.py:108 - 功执行后重置计数器error_count=0
2025-06-16 20:49:11 | INFO     | log4ak.py:108 - 处理第1批第96条记录：603150
2025-06-16 20:49:11 | INFO     | log4ak.py:108 - 603150获取有效市盈率数据
2025-06-16 20:49:11 | INFO     | log4ak.py:108 - df_result数据块合并后大小为:305196
2025-06-16 20:49:11 | INFO     | log4ak.py:108 - 功执行后重置计数器error_count=0
2025-06-16 20:49:13 | INFO     | log4ak.py:108 - 处理第1批第97条记录：603173
2025-06-16 20:49:13 | INFO     | log4ak.py:108 - 603173获取有效市盈率数据
2025-06-16 20:49:14 | INFO     | log4ak.py:108 - df_result数据块合并后大小为:305773
2025-06-16 20:49:14 | INFO     | log4ak.py:108 - 功执行后重置计数器error_count=0
2025-06-16 20:49:16 | INFO     | log4ak.py:108 - 处理第1批第98条记录：603181
2025-06-16 20:49:16 | INFO     | log4ak.py:108 - 603181获取有效市盈率数据
2025-06-16 20:49:16 | INFO     | log4ak.py:108 - df_result数据块合并后大小为:307666
2025-06-16 20:49:16 | INFO     | log4ak.py:108 - 功执行后重置计数器error_count=0
2025-06-16 20:49:18 | INFO     | log4ak.py:108 - 处理第1批第99条记录：603195
2025-06-16 20:49:18 | INFO     | log4ak.py:108 - 603195获取有效市盈率数据
2025-06-16 20:49:18 | INFO     | log4ak.py:108 - df_result数据块合并后大小为:308966
2025-06-16 20:49:18 | INFO     | log4ak.py:108 - 功执行后重置计数器error_count=0
2025-06-16 20:49:20 | INFO     | log4ak.py:108 - 处理第1批第100条记录：603198
2025-06-16 20:49:20 | INFO     | log4ak.py:108 - 603198获取有效市盈率数据
2025-06-16 20:49:21 | INFO     | log4ak.py:108 - df_result数据块合并后大小为:311408
2025-06-16 20:49:21 | INFO     | log4ak.py:108 - 功执行后重置计数器error_count=0
2025-06-16 20:49:23 | INFO     | log4ak.py:108 - 处理第1批第101条记录：603209
2025-06-16 20:49:23 | INFO     | log4ak.py:108 - 603209获取有效市盈率数据
2025-06-16 20:49:23 | INFO     | log4ak.py:108 - df_result数据块合并后大小为:312189
2025-06-16 20:49:23 | INFO     | log4ak.py:108 - 功执行后重置计数器error_count=0
2025-06-16 20:49:25 | INFO     | log4ak.py:108 - 处理第1批第102条记录：603230
2025-06-16 20:49:25 | INFO     | log4ak.py:108 - 603230获取有效市盈率数据
2025-06-16 20:49:25 | INFO     | log4ak.py:108 - df_result数据块合并后大小为:313028
2025-06-16 20:49:25 | INFO     | log4ak.py:108 - 功执行后重置计数器error_count=0
2025-06-16 20:49:27 | INFO     | log4ak.py:108 - 处理第1批第103条记录：603259
2025-06-16 20:49:27 | INFO     | log4ak.py:108 - 603259获取有效市盈率数据
2025-06-16 20:49:28 | INFO     | log4ak.py:108 - df_result数据块合并后大小为:314753
2025-06-16 20:49:28 | INFO     | log4ak.py:108 - 功执行后重置计数器error_count=0
2025-06-16 20:49:30 | INFO     | log4ak.py:108 - 处理第1批第104条记录：603277
2025-06-16 20:49:30 | INFO     | log4ak.py:108 - 603277获取有效市盈率数据
2025-06-16 20:49:30 | INFO     | log4ak.py:108 - df_result数据块合并后大小为:316634
2025-06-16 20:49:30 | INFO     | log4ak.py:108 - 功执行后重置计数器error_count=0
2025-06-16 20:49:32 | INFO     | log4ak.py:108 - 处理第1批第105条记录：603298
2025-06-16 20:49:32 | INFO     | log4ak.py:108 - 603298获取有效市盈率数据
2025-06-16 20:49:33 | INFO     | log4ak.py:108 - df_result数据块合并后大小为:318688
2025-06-16 20:49:33 | INFO     | log4ak.py:108 - 功执行后重置计数器error_count=0
2025-06-16 20:49:35 | INFO     | log4ak.py:108 - 处理第1批第106条记录：603355
2025-06-16 20:49:35 | INFO     | log4ak.py:108 - 603355获取有效市盈率数据
2025-06-16 20:49:35 | INFO     | log4ak.py:108 - df_result数据块合并后大小为:321141
2025-06-16 20:49:35 | INFO     | log4ak.py:108 - 功执行后重置计数器error_count=0
2025-06-16 20:49:37 | INFO     | log4ak.py:108 - 处理第1批第107条记录：603369
2025-06-16 20:49:37 | INFO     | log4ak.py:108 - 603369获取有效市盈率数据
2025-06-16 20:49:38 | INFO     | log4ak.py:108 - df_result数据块合并后大小为:323800
2025-06-16 20:49:38 | INFO     | log4ak.py:108 - 功执行后重置计数器error_count=0
2025-06-16 20:49:40 | INFO     | log4ak.py:108 - 处理第1批第108条记录：603393
2025-06-16 20:49:40 | INFO     | log4ak.py:108 - 603393获取有效市盈率数据
2025-06-16 20:49:40 | INFO     | log4ak.py:108 - df_result数据块合并后大小为:325861
2025-06-16 20:49:40 | INFO     | log4ak.py:108 - 功执行后重置计数器error_count=0
2025-06-16 20:49:42 | INFO     | log4ak.py:108 - 处理第1批第109条记录：603408
2025-06-16 20:49:42 | INFO     | log4ak.py:108 - 603408获取有效市盈率数据
2025-06-16 20:49:43 | INFO     | log4ak.py:108 - df_result数据块合并后大小为:327042
2025-06-16 20:49:43 | INFO     | log4ak.py:108 - 功执行后重置计数器error_count=0
2025-06-16 20:49:45 | INFO     | log4ak.py:108 - 处理第1批第110条记录：603439
2025-06-16 20:49:45 | INFO     | log4ak.py:108 - 603439获取有效市盈率数据
2025-06-16 20:49:45 | INFO     | log4ak.py:108 - df_result数据块合并后大小为:328285
2025-06-16 20:49:45 | INFO     | log4ak.py:108 - 功执行后重置计数器error_count=0
2025-06-16 20:49:47 | INFO     | log4ak.py:108 - 处理第1批第111条记录：603519
2025-06-16 20:49:47 | INFO     | log4ak.py:108 - 603519获取有效市盈率数据
2025-06-16 20:49:48 | INFO     | log4ak.py:108 - df_result数据块合并后大小为:330681
2025-06-16 20:49:48 | INFO     | log4ak.py:108 - 功执行后重置计数器error_count=0
2025-06-16 20:49:50 | INFO     | log4ak.py:108 - 处理第1批第112条记录：603568
2025-06-16 20:49:50 | INFO     | log4ak.py:108 - 603568获取有效市盈率数据
2025-06-16 20:49:50 | INFO     | log4ak.py:108 - df_result数据块合并后大小为:333123
2025-06-16 20:49:50 | INFO     | log4ak.py:108 - 功执行后重置计数器error_count=0
2025-06-16 20:49:52 | INFO     | log4ak.py:108 - 处理第1批第113条记录：603596
2025-06-16 20:49:52 | INFO     | log4ak.py:108 - 603596获取有效市盈率数据
2025-06-16 20:49:53 | INFO     | log4ak.py:108 - df_result数据块合并后大小为:334853
2025-06-16 20:49:53 | INFO     | log4ak.py:108 - 功执行后重置计数器error_count=0
2025-06-16 20:49:55 | INFO     | log4ak.py:108 - 处理第1批第114条记录：603600
2025-06-16 20:49:55 | INFO     | log4ak.py:108 - 603600获取有效市盈率数据
2025-06-16 20:49:55 | INFO     | log4ak.py:108 - df_result数据块合并后大小为:337365
2025-06-16 20:49:55 | INFO     | log4ak.py:108 - 功执行后重置计数器error_count=0
2025-06-16 20:49:57 | INFO     | log4ak.py:108 - 处理第1批第115条记录：603605
2025-06-16 20:49:57 | INFO     | log4ak.py:108 - 603605获取有效市盈率数据
2025-06-16 20:49:57 | INFO     | log4ak.py:108 - df_result数据块合并后大小为:339204
2025-06-16 20:49:57 | INFO     | log4ak.py:108 - 功执行后重置计数器error_count=0
2025-06-16 20:49:59 | INFO     | log4ak.py:108 - 处理第1批第116条记录：603699
2025-06-16 20:49:59 | INFO     | log4ak.py:108 - 603699获取有效市盈率数据
2025-06-16 20:50:00 | INFO     | log4ak.py:108 - df_result数据块合并后大小为:341966
2025-06-16 20:50:00 | INFO     | log4ak.py:108 - 功执行后重置计数器error_count=0
2025-06-16 20:50:02 | INFO     | log4ak.py:108 - 处理第1批第117条记录：603871
2025-06-16 20:50:02 | INFO     | log4ak.py:108 - 603871获取有效市盈率数据
2025-06-16 20:50:02 | INFO     | log4ak.py:108 - df_result数据块合并后大小为:343747
2025-06-16 20:50:02 | INFO     | log4ak.py:108 - 功执行后重置计数器error_count=0
2025-06-16 20:50:04 | INFO     | log4ak.py:108 - 处理第1批第118条记录：605090
2025-06-16 20:50:04 | INFO     | log4ak.py:108 - 605090获取有效市盈率数据
2025-06-16 20:50:05 | INFO     | log4ak.py:108 - df_result数据块合并后大小为:344720
2025-06-16 20:50:05 | INFO     | log4ak.py:108 - 功执行后重置计数器error_count=0
2025-06-16 20:50:07 | INFO     | log4ak.py:108 - 处理第1批第119条记录：605098
2025-06-16 20:50:07 | INFO     | log4ak.py:108 - 605098获取有效市盈率数据
2025-06-16 20:50:07 | INFO     | log4ak.py:108 - df_result数据块合并后大小为:345725
2025-06-16 20:50:07 | INFO     | log4ak.py:108 - 功执行后重置计数器error_count=0
2025-06-16 20:50:09 | INFO     | log4ak.py:108 - 处理第1批第120条记录：605099
2025-06-16 20:50:09 | INFO     | log4ak.py:108 - 605099获取有效市盈率数据
2025-06-16 20:50:10 | INFO     | log4ak.py:108 - df_result数据块合并后大小为:346862
2025-06-16 20:50:10 | INFO     | log4ak.py:108 - 功执行后重置计数器error_count=0
2025-06-16 20:50:12 | INFO     | log4ak.py:108 - 处理第1批第121条记录：605116
2025-06-16 20:50:12 | INFO     | log4ak.py:108 - 605116获取有效市盈率数据
2025-06-16 20:50:12 | INFO     | log4ak.py:108 - df_result数据块合并后大小为:348006
2025-06-16 20:50:12 | INFO     | log4ak.py:108 - 功执行后重置计数器error_count=0
2025-06-16 20:50:14 | INFO     | log4ak.py:108 - 处理第1批第122条记录：605117
2025-06-16 20:50:14 | INFO     | log4ak.py:108 - 605117获取有效市盈率数据
2025-06-16 20:50:15 | INFO     | log4ak.py:108 - df_result数据块合并后大小为:349012
2025-06-16 20:50:15 | INFO     | log4ak.py:108 - 功执行后重置计数器error_count=0
2025-06-16 20:50:17 | INFO     | log4ak.py:108 - 处理第1批第123条记录：605166
2025-06-16 20:50:17 | INFO     | log4ak.py:108 - 605166获取有效市盈率数据
2025-06-16 20:50:17 | INFO     | log4ak.py:108 - df_result数据块合并后大小为:350221
2025-06-16 20:50:17 | INFO     | log4ak.py:108 - 功执行后重置计数器error_count=0
2025-06-16 20:50:19 | INFO     | log4ak.py:108 - 处理第1批第124条记录：605555
2025-06-16 20:50:19 | INFO     | log4ak.py:108 - 605555获取有效市盈率数据
2025-06-16 20:50:20 | INFO     | log4ak.py:108 - df_result数据块合并后大小为:351106
2025-06-16 20:50:20 | INFO     | log4ak.py:108 - 功执行后重置计数器error_count=0
2025-06-16 20:50:22 | INFO     | log4ak.py:108 - 处理第1批第125条记录：605599
2025-06-16 20:50:22 | INFO     | log4ak.py:108 - 605599获取有效市盈率数据
2025-06-16 20:50:22 | INFO     | log4ak.py:108 - df_result数据块合并后大小为:352014
2025-06-16 20:50:22 | INFO     | log4ak.py:108 - 功执行后重置计数器error_count=0
2025-06-16 20:50:24 | INFO     | log4ak.py:108 - 第1批数据已获取，包含352014条记录
2025-06-16 20:52:15 | INFO     | log4ak.py:108 - 所有数据已获取，并封装为352014条记录
2025-06-16 20:52:15 | INFO     | log4ak.py:108 - ✅ 连接成功 | MySQL版本:8.0.41
2025-06-16 20:52:56 | INFO     | log4ak.py:108 - insert finished!
2025-06-17 10:36:44 | INFO     | log4ak.py:108 - 组合初始化: 起始资金1000000.00元, 开始日期20230101
2025-06-17 10:36:44 | INFO     | log4ak.py:108 - 初始化002466持仓: 20230101买入0股 @ 0.00元
2025-06-17 10:36:44 | INFO     | log4ak.py:108 - 登记买入订单: 20241008买入002466 3600股
2025-06-17 10:36:44 | INFO     | log4ak.py:108 - 初始化000858持仓: 20230101买入0股 @ 0.00元
2025-06-17 10:36:44 | INFO     | log4ak.py:108 - 登记买入订单: 20231121买入000858 900股
2025-06-17 10:36:44 | INFO     | log4ak.py:108 - 初始化000333持仓: 20230101买入0股 @ 0.00元
2025-06-17 10:36:44 | INFO     | log4ak.py:108 - 登记买入订单: 20230105买入000333 3100股
2025-06-17 10:36:44 | INFO     | log4ak.py:108 - 初始化002555持仓: 20230101买入0股 @ 0.00元
2025-06-17 10:36:44 | INFO     | log4ak.py:108 - 登记买入订单: 20240925买入002555 10400股
2025-06-17 10:36:44 | INFO     | log4ak.py:108 - 初始化002602持仓: 20230101买入0股 @ 0.00元
2025-06-17 10:36:44 | INFO     | log4ak.py:108 - 登记买入订单: 20240902买入002602 43100股
2025-06-17 10:36:44 | INFO     | log4ak.py:108 - 缓存002555数据: 20230101至20250616共591条
2025-06-17 10:36:44 | INFO     | log4ak.py:108 - 缓存002466数据: 20230101至20250616共591条
2025-06-17 10:36:44 | INFO     | log4ak.py:108 - 缓存000858数据: 20230101至20250616共591条
2025-06-17 10:36:44 | INFO     | log4ak.py:108 - 缓存000333数据: 20230101至20250616共591条
2025-06-17 10:36:45 | INFO     | log4ak.py:108 - 缓存002602数据: 20230101至20250616共590条
2025-06-17 10:36:45 | INFO     | log4ak.py:108 - 预加载002555分红数据: 25条记录
2025-06-17 10:36:45 | INFO     | log4ak.py:108 - 预加载002466分红数据: 15条记录
2025-06-17 10:36:45 | INFO     | log4ak.py:108 - 预加载000858分红数据: 29条记录
2025-06-17 10:36:45 | INFO     | log4ak.py:108 - 预加载000333分红数据: 12条记录
2025-06-17 10:36:45 | INFO     | log4ak.py:108 - 预加载002602分红数据: 17条记录
2025-06-17 10:36:46 | INFO     | log4ak.py:108 - 初始化000333持仓: 2023-01-05买入3100股 @ 55.00元
2025-06-17 10:36:46 | INFO     | log4ak.py:108 - 2023-01-05执行买入: 000333 3100股 @ 55.00元
2025-06-17 10:39:34 | INFO     | log4ak.py:108 - 000333在2023-06-01 00:00:00分红: 每股2.5000元 -> 税后2.2500元
2025-06-17 13:47:59 | INFO     | log4ak.py:108 - 组合初始化: 起始资金1000000.00元, 开始日期20230101
2025-06-17 13:48:37 | INFO     | log4ak.py:108 - 初始化601919持仓: 20230101买入0股 @ 0.00元
2025-06-17 13:48:37 | INFO     | log4ak.py:108 - 登记买入订单: 20200901买入601919 0股
2025-06-17 13:48:37 | INFO     | log4ak.py:108 - 初始化000333持仓: 20230101买入0股 @ 0.00元
2025-06-17 13:48:37 | INFO     | log4ak.py:108 - 登记买入订单: 20230105买入000333 3100股
2025-06-17 13:48:37 | INFO     | log4ak.py:108 - 初始化000858持仓: 20230101买入0股 @ 0.00元
2025-06-17 13:48:37 | INFO     | log4ak.py:108 - 登记买入订单: 20231121买入000858 900股
2025-06-17 13:48:37 | INFO     | log4ak.py:108 - 初始化002602持仓: 20230101买入0股 @ 0.00元
2025-06-17 13:48:37 | INFO     | log4ak.py:108 - 登记买入订单: 20240902买入002602 43100股
2025-06-17 13:48:37 | INFO     | log4ak.py:108 - 初始化002555持仓: 20230101买入0股 @ 0.00元
2025-06-17 13:48:37 | INFO     | log4ak.py:108 - 登记买入订单: 20240925买入002555 10400股
2025-06-17 13:48:37 | INFO     | log4ak.py:108 - 初始化002466持仓: 20230101买入0股 @ 0.00元
2025-06-17 13:48:37 | INFO     | log4ak.py:108 - 登记买入订单: 20241008买入002466 3600股
2025-06-17 13:48:37 | INFO     | log4ak.py:108 - 初始化002460持仓: 20230101买入0股 @ 0.00元
2025-06-17 13:48:37 | INFO     | log4ak.py:108 - 登记买入订单: 20241008买入002460 3700股
2025-06-17 13:48:37 | INFO     | log4ak.py:108 - 初始化002738持仓: 20230101买入0股 @ 0.00元
2025-06-17 13:48:37 | INFO     | log4ak.py:108 - 登记买入订单: 20241008买入002738 3700股
2025-06-17 13:48:45 | INFO     | log4ak.py:108 - 缓存002466数据: 20230101至20250616共591条
2025-06-17 13:48:47 | INFO     | log4ak.py:108 - 缓存002738数据: 20230101至20250616共591条
2025-06-17 13:48:48 | INFO     | log4ak.py:108 - 缓存000858数据: 20230101至20250616共591条
2025-06-17 13:48:48 | INFO     | log4ak.py:108 - 缓存002460数据: 20230101至20250616共591条
2025-06-17 13:48:48 | INFO     | log4ak.py:108 - 缓存002602数据: 20230101至20250616共590条
2025-06-17 13:48:48 | INFO     | log4ak.py:108 - 缓存002555数据: 20230101至20250616共591条
2025-06-17 13:48:48 | INFO     | log4ak.py:108 - 缓存000333数据: 20230101至20250616共591条
2025-06-17 13:48:48 | INFO     | log4ak.py:108 - 缓存601919数据: 20230101至20250616共591条
2025-06-17 13:48:49 | INFO     | log4ak.py:108 - 预加载002466分红数据: 15条记录
2025-06-17 13:48:49 | INFO     | log4ak.py:108 - 预加载002738分红数据: 11条记录
2025-06-17 13:48:49 | INFO     | log4ak.py:108 - 预加载000858分红数据: 29条记录
2025-06-17 13:48:49 | INFO     | log4ak.py:108 - 预加载002460分红数据: 15条记录
2025-06-17 13:48:49 | INFO     | log4ak.py:108 - 预加载002602分红数据: 17条记录
2025-06-17 13:48:49 | INFO     | log4ak.py:108 - 预加载002555分红数据: 25条记录
2025-06-17 13:48:49 | INFO     | log4ak.py:108 - 预加载000333分红数据: 12条记录
2025-06-17 13:48:50 | INFO     | log4ak.py:108 - 预加载601919分红数据: 21条记录
2025-06-17 13:48:51 | INFO     | log4ak.py:108 - 初始化000333持仓: 2023-01-05买入3100股 @ 55.00元
2025-06-17 13:48:51 | INFO     | log4ak.py:108 - 2023-01-05执行买入: 000333 3100股 @ 55.00元
2025-06-17 13:49:00 | INFO     | log4ak.py:108 - 002738在2023-05-31 00:00:00分红: 每股1.0000元 -> 税后0.9000元
2025-06-17 13:49:00 | INFO     | log4ak.py:108 - 000333在2023-06-01 00:00:00分红: 每股2.5000元 -> 税后2.2500元
2025-06-17 13:49:00 | INFO     | log4ak.py:108 - 002555在2023-06-02 00:00:00分红: 每股0.4500元 -> 税后0.4050元
2025-06-17 13:49:01 | INFO     | log4ak.py:108 - 000858在2023-06-27 00:00:00分红: 每股3.7820元 -> 税后3.4038元
2025-06-17 13:49:01 | INFO     | log4ak.py:108 - 601919在2023-06-28 00:00:00分红: 每股1.3900元 -> 税后1.2510元
2025-06-17 13:49:01 | INFO     | log4ak.py:108 - 002466在2023-06-30 00:00:00分红: 每股3.0000元 -> 税后2.7000元
2025-06-17 13:49:01 | INFO     | log4ak.py:108 - 002460在2023-07-12 00:00:00分红: 每股1.0000元 -> 税后0.9000元
2025-06-17 13:49:04 | INFO     | log4ak.py:108 - 002555在2023-09-28 00:00:00分红: 每股0.4500元 -> 税后0.4050元
2025-06-17 13:49:06 | INFO     | log4ak.py:108 - 初始化000858持仓: 2023-11-21买入900股 @ 155.56元
2025-06-17 13:49:06 | INFO     | log4ak.py:108 - 2023-11-21执行买入: 000858 900股 @ 155.56元
2025-06-17 13:49:07 | INFO     | log4ak.py:108 - 601919在2023-12-20 00:00:00分红: 每股0.5100元 -> 税后0.4590元
2025-06-17 13:49:12 | INFO     | log4ak.py:108 - 000333在2024-05-15 00:00:00分红: 每股3.0000元 -> 税后2.7000元
2025-06-17 13:49:12 | INFO     | log4ak.py:108 - 002555在2024-05-21 00:00:00分红: 每股0.3700元 -> 税后0.3330元
2025-06-17 13:49:12 | INFO     | log4ak.py:108 - 002555在2024-05-24 00:00:00分红: 每股0.2100元 -> 税后0.1890元
2025-06-17 13:49:12 | INFO     | log4ak.py:108 - 002738在2024-05-30 00:00:00分红: 每股1.0000元 -> 税后0.9000元
2025-06-17 13:49:12 | INFO     | log4ak.py:108 - 002466在2024-06-07 00:00:00分红: 每股1.3500元 -> 税后1.2150元
2025-06-17 13:49:13 | INFO     | log4ak.py:108 - 601919在2024-06-20 00:00:00分红: 每股0.2300元 -> 税后0.2070元
2025-06-17 13:49:14 | INFO     | log4ak.py:108 - 000858在2024-07-12 00:00:00分红: 每股4.6700元 -> 税后4.2030元
2025-06-17 13:49:14 | INFO     | log4ak.py:108 - 002460在2024-07-24 00:00:00分红: 每股0.8000元 -> 税后0.7200元
2025-06-17 13:49:16 | INFO     | log4ak.py:108 - 初始化002602持仓: 2024-09-02买入43100股 @ 3.32元
2025-06-17 13:49:16 | INFO     | log4ak.py:108 - 2024-09-02执行买入: 002602 43100股 @ 3.32元
2025-06-17 13:49:16 | INFO     | log4ak.py:108 - 002555在2024-09-04 00:00:00分红: 每股0.2100元 -> 税后0.1890元
2025-06-17 13:49:16 | INFO     | log4ak.py:108 - 初始化002555持仓: 2024-09-25买入10400股 @ 14.45元
2025-06-17 13:49:16 | INFO     | log4ak.py:108 - 2024-09-25执行买入: 002555 10400股 @ 14.45元
2025-06-17 13:49:17 | INFO     | log4ak.py:108 - 初始化002466持仓: 2024-10-08买入3600股 @ 38.79元
2025-06-17 13:49:17 | INFO     | log4ak.py:108 - 2024-10-08执行买入: 002466 3600股 @ 38.79元
2025-06-17 13:49:17 | INFO     | log4ak.py:108 - 初始化002460持仓: 2024-10-08买入3700股 @ 37.98元
2025-06-17 13:49:17 | INFO     | log4ak.py:108 - 2024-10-08执行买入: 002460 3700股 @ 37.98元
2025-06-17 13:49:17 | INFO     | log4ak.py:108 - 601919在2024-10-10 00:00:00分红: 每股0.5200元 -> 税后0.4680元
2025-06-17 13:49:18 | INFO     | log4ak.py:108 - 002555在2024-11-08 00:00:00分红: 每股0.2100元 -> 税后0.1890元
2025-06-17 13:49:20 | INFO     | log4ak.py:108 - 000858在2025-01-23 00:00:00分红: 每股2.5760元 -> 税后2.3184元
2025-06-17 13:49:24 | INFO     | log4ak.py:108 - 002555在2025-05-21 00:00:00分红: 每股0.3700元 -> 税后0.3330元
2025-06-17 13:49:24 | INFO     | log4ak.py:108 - 002555在2025-05-27 00:00:00分红: 每股0.2100元 -> 税后0.1890元
2025-06-17 13:49:25 | INFO     | log4ak.py:108 - 000333在2025-06-12 00:00:00分红: 每股3.5000元 -> 税后3.1500元
2025-06-17 14:13:36 | INFO     | log4ak.py:108 - 组合初始化: 起始资金1000000.00元, 开始日期20230101
2025-06-17 14:26:41 | INFO     | log4ak.py:108 - 组合初始化: 起始资金1000000.00元, 开始日期20230101
2025-06-17 14:27:23 | INFO     | log4ak.py:108 - 初始化601919持仓: 20230101买入0股 @ 0.00元
2025-06-17 14:27:23 | INFO     | log4ak.py:108 - 登记买入订单: 20200901买入601919 0股
2025-06-17 14:27:23 | INFO     | log4ak.py:108 - 初始化000333持仓: 20230101买入0股 @ 0.00元
2025-06-17 14:27:23 | INFO     | log4ak.py:108 - 登记买入订单: 20230105买入000333 3100股
2025-06-17 14:27:23 | INFO     | log4ak.py:108 - 初始化000858持仓: 20230101买入0股 @ 0.00元
2025-06-17 14:27:23 | INFO     | log4ak.py:108 - 登记买入订单: 20231121买入000858 900股
2025-06-17 14:27:23 | INFO     | log4ak.py:108 - 初始化002602持仓: 20230101买入0股 @ 0.00元
2025-06-17 14:27:23 | INFO     | log4ak.py:108 - 登记买入订单: 20240902买入002602 43100股
2025-06-17 14:27:23 | INFO     | log4ak.py:108 - 初始化002555持仓: 20230101买入0股 @ 0.00元
2025-06-17 14:27:23 | INFO     | log4ak.py:108 - 登记买入订单: 20240925买入002555 10400股
2025-06-17 14:27:23 | INFO     | log4ak.py:108 - 初始化002466持仓: 20230101买入0股 @ 0.00元
2025-06-17 14:27:23 | INFO     | log4ak.py:108 - 登记买入订单: 20241008买入002466 3600股
2025-06-17 14:27:23 | INFO     | log4ak.py:108 - 初始化002460持仓: 20230101买入0股 @ 0.00元
2025-06-17 14:27:23 | INFO     | log4ak.py:108 - 登记买入订单: 20241008买入002460 3700股
2025-06-17 14:27:23 | INFO     | log4ak.py:108 - 初始化002738持仓: 20230101买入0股 @ 0.00元
2025-06-17 14:27:23 | INFO     | log4ak.py:108 - 登记买入订单: 20241008买入002738 3700股
2025-06-17 14:27:23 | INFO     | log4ak.py:108 - 缓存601919数据: 20230101至20250616共591条
2025-06-17 14:27:23 | INFO     | log4ak.py:108 - 缓存002460数据: 20230101至20250616共591条
2025-06-17 14:27:23 | INFO     | log4ak.py:108 - 缓存000858数据: 20230101至20250616共591条
2025-06-17 14:27:23 | INFO     | log4ak.py:108 - 缓存002555数据: 20230101至20250616共591条
2025-06-17 14:27:23 | INFO     | log4ak.py:108 - 缓存002466数据: 20230101至20250616共591条
2025-06-17 14:27:23 | INFO     | log4ak.py:108 - 缓存002738数据: 20230101至20250616共591条
2025-06-17 14:27:24 | INFO     | log4ak.py:108 - 缓存000333数据: 20230101至20250616共591条
2025-06-17 14:27:24 | INFO     | log4ak.py:108 - 缓存002602数据: 20230101至20250616共590条
2025-06-17 14:27:24 | INFO     | log4ak.py:108 - 预加载601919分红数据: 21条记录
2025-06-17 14:27:24 | INFO     | log4ak.py:108 - 预加载002460分红数据: 15条记录
2025-06-17 14:27:24 | INFO     | log4ak.py:108 - 预加载000858分红数据: 29条记录
2025-06-17 14:27:24 | INFO     | log4ak.py:108 - 预加载002555分红数据: 25条记录
2025-06-17 14:27:25 | INFO     | log4ak.py:108 - 预加载002466分红数据: 15条记录
2025-06-17 14:27:25 | INFO     | log4ak.py:108 - 预加载002738分红数据: 11条记录
2025-06-17 14:27:25 | INFO     | log4ak.py:108 - 预加载000333分红数据: 12条记录
2025-06-17 14:27:25 | INFO     | log4ak.py:108 - 预加载002602分红数据: 17条记录
2025-06-17 14:28:10 | INFO     | log4ak.py:108 - 初始化000333持仓: 2023-01-05买入3100股 @ 55.00元
2025-06-17 14:28:10 | INFO     | log4ak.py:108 - 2023-01-05执行买入: 000333 3100股 @ 55.00元
2025-06-17 14:28:15 | INFO     | log4ak.py:108 - 002738在2023-05-31 00:00:00分红: 每股1.0000元 -> 税后0.9000元
2025-06-17 14:28:15 | INFO     | log4ak.py:108 - 000333在2023-06-01 00:00:00分红: 每股2.5000元 -> 税后2.2500元
2025-06-17 14:28:15 | INFO     | log4ak.py:108 - 002555在2023-06-02 00:00:00分红: 每股0.4500元 -> 税后0.4050元
2025-06-17 14:28:15 | INFO     | log4ak.py:108 - 000858在2023-06-27 00:00:00分红: 每股3.7820元 -> 税后3.4038元
2025-06-17 14:28:15 | INFO     | log4ak.py:108 - 601919在2023-06-28 00:00:00分红: 每股1.3900元 -> 税后1.2510元
2025-06-17 14:28:15 | INFO     | log4ak.py:108 - 002466在2023-06-30 00:00:00分红: 每股3.0000元 -> 税后2.7000元
2025-06-17 14:28:16 | INFO     | log4ak.py:108 - 002460在2023-07-12 00:00:00分红: 每股1.0000元 -> 税后0.9000元
2025-06-17 14:28:19 | INFO     | log4ak.py:108 - 002555在2023-09-28 00:00:00分红: 每股0.4500元 -> 税后0.4050元
2025-06-17 14:28:20 | INFO     | log4ak.py:108 - 初始化000858持仓: 2023-11-21买入900股 @ 155.56元
2025-06-17 14:28:20 | INFO     | log4ak.py:108 - 2023-11-21执行买入: 000858 900股 @ 155.56元
2025-06-17 14:28:21 | INFO     | log4ak.py:108 - 601919在2023-12-20 00:00:00分红: 每股0.5100元 -> 税后0.4590元
2025-06-17 14:28:26 | INFO     | log4ak.py:108 - 000333在2024-05-15 00:00:00分红: 每股3.0000元 -> 税后2.7000元
2025-06-17 14:28:26 | INFO     | log4ak.py:108 - 002555在2024-05-21 00:00:00分红: 每股0.3700元 -> 税后0.3330元
2025-06-17 14:28:26 | INFO     | log4ak.py:108 - 002555在2024-05-24 00:00:00分红: 每股0.2100元 -> 税后0.1890元
2025-06-17 14:28:26 | INFO     | log4ak.py:108 - 002738在2024-05-30 00:00:00分红: 每股1.0000元 -> 税后0.9000元
2025-06-17 14:28:27 | INFO     | log4ak.py:108 - 002466在2024-06-07 00:00:00分红: 每股1.3500元 -> 税后1.2150元
2025-06-17 14:28:27 | INFO     | log4ak.py:108 - 601919在2024-06-20 00:00:00分红: 每股0.2300元 -> 税后0.2070元
2025-06-17 14:28:28 | INFO     | log4ak.py:108 - 000858在2024-07-12 00:00:00分红: 每股4.6700元 -> 税后4.2030元
2025-06-17 14:28:28 | INFO     | log4ak.py:108 - 002460在2024-07-24 00:00:00分红: 每股0.8000元 -> 税后0.7200元
2025-06-17 14:28:30 | INFO     | log4ak.py:108 - 初始化002602持仓: 2024-09-02买入43100股 @ 3.32元
2025-06-17 14:28:30 | INFO     | log4ak.py:108 - 2024-09-02执行买入: 002602 43100股 @ 3.32元
2025-06-17 14:28:30 | INFO     | log4ak.py:108 - 002555在2024-09-04 00:00:00分红: 每股0.2100元 -> 税后0.1890元
2025-06-17 14:28:30 | INFO     | log4ak.py:108 - 初始化002555持仓: 2024-09-25买入10400股 @ 14.45元
2025-06-17 14:28:30 | INFO     | log4ak.py:108 - 2024-09-25执行买入: 002555 10400股 @ 14.45元
2025-06-17 14:28:31 | INFO     | log4ak.py:108 - 初始化002466持仓: 2024-10-08买入3600股 @ 38.79元
2025-06-17 14:28:31 | INFO     | log4ak.py:108 - 2024-10-08执行买入: 002466 3600股 @ 38.79元
2025-06-17 14:28:31 | INFO     | log4ak.py:108 - 初始化002460持仓: 2024-10-08买入3700股 @ 37.98元
2025-06-17 14:28:31 | INFO     | log4ak.py:108 - 2024-10-08执行买入: 002460 3700股 @ 37.98元
2025-06-17 14:28:31 | INFO     | log4ak.py:108 - 601919在2024-10-10 00:00:00分红: 每股0.5200元 -> 税后0.4680元
2025-06-17 14:28:32 | INFO     | log4ak.py:108 - 002555在2024-11-08 00:00:00分红: 每股0.2100元 -> 税后0.1890元
2025-06-17 14:28:34 | INFO     | log4ak.py:108 - 000858在2025-01-23 00:00:00分红: 每股2.5760元 -> 税后2.3184元
2025-06-17 14:28:38 | INFO     | log4ak.py:108 - 002555在2025-05-21 00:00:00分红: 每股0.3700元 -> 税后0.3330元
2025-06-17 14:28:38 | INFO     | log4ak.py:108 - 002555在2025-05-27 00:00:00分红: 每股0.2100元 -> 税后0.1890元
2025-06-17 14:28:38 | INFO     | log4ak.py:108 - 000333在2025-06-12 00:00:00分红: 每股3.5000元 -> 税后3.1500元
2025-06-17 15:19:36 | INFO     | log4ak.py:108 - 获取用户参数
2025-06-17 15:19:36 | INFO     | log4ak.py:108 - 成功记录
2025-06-17 16:14:06 | INFO     | log4ak.py:101 - 组合初始化: 起始资金1000000.00元, 开始日期20230101
2025-06-17 16:14:41 | INFO     | log4ak.py:101 - 初始化601919持仓: 20230101买入0股 @ 0.00元
2025-06-17 16:14:41 | INFO     | log4ak.py:101 - 登记买入订单: 20200901买入601919 8500股
2025-06-17 16:14:41 | INFO     | log4ak.py:101 - 初始化600036持仓: 20230101买入0股 @ 0.00元
2025-06-17 16:14:41 | INFO     | log4ak.py:101 - 登记买入订单: 20230105买入600036 3300股
2025-06-17 16:14:41 | INFO     | log4ak.py:101 - 初始化000333持仓: 20230101买入0股 @ 0.00元
2025-06-17 16:14:41 | INFO     | log4ak.py:101 - 登记买入订单: 20230105买入000333 2400股
2025-06-17 16:14:41 | INFO     | log4ak.py:101 - 初始化000858持仓: 20230101买入0股 @ 0.00元
2025-06-17 16:14:41 | INFO     | log4ak.py:101 - 登记买入订单: 20231121买入000858 700股
2025-06-17 16:14:41 | INFO     | log4ak.py:101 - 初始化002602持仓: 20230101买入0股 @ 0.00元
2025-06-17 16:14:41 | INFO     | log4ak.py:101 - 登记买入订单: 20240902买入002602 33500股
2025-06-17 16:14:41 | INFO     | log4ak.py:101 - 初始化002555持仓: 20230101买入0股 @ 0.00元
2025-06-17 16:14:41 | INFO     | log4ak.py:101 - 登记买入订单: 20240925买入002555 8100股
2025-06-17 16:14:41 | INFO     | log4ak.py:101 - 初始化002466持仓: 20230101买入0股 @ 0.00元
2025-06-17 16:14:41 | INFO     | log4ak.py:101 - 登记买入订单: 20241008买入002466 2800股
2025-06-17 16:14:41 | INFO     | log4ak.py:101 - 初始化002460持仓: 20230101买入0股 @ 0.00元
2025-06-17 16:14:41 | INFO     | log4ak.py:101 - 登记买入订单: 20241008买入002460 2900股
2025-06-17 16:14:41 | INFO     | log4ak.py:101 - 初始化002738持仓: 20230101买入0股 @ 0.00元
2025-06-17 16:14:41 | INFO     | log4ak.py:101 - 登记买入订单: 20241008买入002738 2900股
2025-06-17 16:14:41 | INFO     | log4ak.py:101 - 缓存002555数据: 20230101至20250616共591条
2025-06-17 16:14:41 | INFO     | log4ak.py:101 - 缓存000333数据: 20230101至20250616共591条
2025-06-17 16:14:41 | INFO     | log4ak.py:101 - 缓存002602数据: 20230101至20250616共590条
2025-06-17 16:14:42 | INFO     | log4ak.py:101 - 缓存601919数据: 20230101至20250616共591条
2025-06-17 16:14:42 | INFO     | log4ak.py:101 - 缓存600036数据: 20230101至20250616共591条
2025-06-17 16:14:42 | INFO     | log4ak.py:101 - 缓存002460数据: 20230101至20250616共591条
2025-06-17 16:14:42 | INFO     | log4ak.py:101 - 缓存000858数据: 20230101至20250616共591条
2025-06-17 16:14:42 | INFO     | log4ak.py:101 - 缓存002466数据: 20230101至20250616共591条
2025-06-17 16:14:42 | INFO     | log4ak.py:101 - 缓存002738数据: 20230101至20250616共591条
2025-06-17 16:14:43 | INFO     | log4ak.py:101 - 预加载002555分红数据: 25条记录
2025-06-17 16:14:43 | INFO     | log4ak.py:101 - 预加载000333分红数据: 12条记录
2025-06-17 16:14:43 | INFO     | log4ak.py:101 - 预加载002602分红数据: 17条记录
2025-06-17 16:14:43 | INFO     | log4ak.py:101 - 预加载601919分红数据: 21条记录
2025-06-17 16:14:43 | INFO     | log4ak.py:101 - 预加载600036分红数据: 25条记录
2025-06-17 16:14:43 | INFO     | log4ak.py:101 - 预加载002460分红数据: 15条记录
2025-06-17 16:14:43 | INFO     | log4ak.py:101 - 预加载000858分红数据: 29条记录
2025-06-17 16:14:43 | INFO     | log4ak.py:101 - 预加载002466分红数据: 15条记录
2025-06-17 16:14:44 | INFO     | log4ak.py:101 - 预加载002738分红数据: 11条记录
2025-06-17 16:14:44 | INFO     | log4ak.py:101 - 初始化600036持仓: 2023-01-05买入3300股 @ 38.57元
2025-06-17 16:14:44 | INFO     | log4ak.py:101 - 2023-01-05执行买入: 600036 3300股 @ 38.57元
2025-06-17 16:14:44 | INFO     | log4ak.py:101 - 初始化000333持仓: 2023-01-05买入2400股 @ 55.00元
2025-06-17 16:14:44 | INFO     | log4ak.py:101 - 2023-01-05执行买入: 000333 2400股 @ 55.00元
2025-06-17 16:14:49 | INFO     | log4ak.py:101 - 002738在2023-05-31 00:00:00分红: 每股1.0000元 -> 税后0.9000元
2025-06-17 16:14:49 | INFO     | log4ak.py:101 - 000333在2023-06-01 00:00:00分红: 每股2.5000元 -> 税后2.2500元
2025-06-17 16:14:49 | INFO     | log4ak.py:101 - 002555在2023-06-02 00:00:00分红: 每股0.4500元 -> 税后0.4050元
2025-06-17 16:14:50 | INFO     | log4ak.py:101 - 000858在2023-06-27 00:00:00分红: 每股3.7820元 -> 税后3.4038元
2025-06-17 16:14:50 | INFO     | log4ak.py:101 - 601919在2023-06-28 00:00:00分红: 每股1.3900元 -> 税后1.2510元
2025-06-17 16:14:50 | INFO     | log4ak.py:101 - 002466在2023-06-30 00:00:00分红: 每股3.0000元 -> 税后2.7000元
2025-06-17 16:14:50 | INFO     | log4ak.py:101 - 002460在2023-07-12 00:00:00分红: 每股1.0000元 -> 税后0.9000元
2025-06-17 16:14:50 | INFO     | log4ak.py:101 - 600036在2023-07-13 00:00:00分红: 每股1.7380元 -> 税后1.5642元
2025-06-17 16:14:53 | INFO     | log4ak.py:101 - 002555在2023-09-28 00:00:00分红: 每股0.4500元 -> 税后0.4050元
2025-06-17 16:14:55 | INFO     | log4ak.py:101 - 初始化000858持仓: 2023-11-21买入700股 @ 155.56元
2025-06-17 16:14:55 | INFO     | log4ak.py:101 - 2023-11-21执行买入: 000858 700股 @ 155.56元
2025-06-17 16:14:56 | INFO     | log4ak.py:101 - 601919在2023-12-20 00:00:00分红: 每股0.5100元 -> 税后0.4590元
2025-06-17 16:15:01 | INFO     | log4ak.py:101 - 000333在2024-05-15 00:00:00分红: 每股3.0000元 -> 税后2.7000元
2025-06-17 16:15:01 | INFO     | log4ak.py:101 - 002555在2024-05-21 00:00:00分红: 每股0.3700元 -> 税后0.3330元
2025-06-17 16:15:01 | INFO     | log4ak.py:101 - 002555在2024-05-24 00:00:00分红: 每股0.2100元 -> 税后0.1890元
2025-06-17 16:15:01 | INFO     | log4ak.py:101 - 002738在2024-05-30 00:00:00分红: 每股1.0000元 -> 税后0.9000元
2025-06-17 16:15:02 | INFO     | log4ak.py:101 - 002466在2024-06-07 00:00:00分红: 每股1.3500元 -> 税后1.2150元
2025-06-17 16:15:02 | INFO     | log4ak.py:101 - 601919在2024-06-20 00:00:00分红: 每股0.2300元 -> 税后0.2070元
2025-06-17 16:15:03 | INFO     | log4ak.py:101 - 600036在2024-07-11 00:00:00分红: 每股1.9720元 -> 税后1.7748元
2025-06-17 16:15:03 | INFO     | log4ak.py:101 - 000858在2024-07-12 00:00:00分红: 每股4.6700元 -> 税后4.2030元
2025-06-17 16:15:04 | INFO     | log4ak.py:101 - 002460在2024-07-24 00:00:00分红: 每股0.8000元 -> 税后0.7200元
2025-06-17 16:15:05 | INFO     | log4ak.py:101 - 初始化002602持仓: 2024-09-02买入33500股 @ 3.32元
2025-06-17 16:15:05 | INFO     | log4ak.py:101 - 2024-09-02执行买入: 002602 33500股 @ 3.32元
2025-06-17 16:15:05 | INFO     | log4ak.py:101 - 002555在2024-09-04 00:00:00分红: 每股0.2100元 -> 税后0.1890元
2025-06-17 16:15:06 | INFO     | log4ak.py:101 - 初始化002555持仓: 2024-09-25买入8100股 @ 14.45元
2025-06-17 16:15:06 | INFO     | log4ak.py:101 - 2024-09-25执行买入: 002555 8100股 @ 14.45元
2025-06-17 16:15:06 | INFO     | log4ak.py:101 - 初始化002466持仓: 2024-10-08买入2800股 @ 38.79元
2025-06-17 16:15:06 | INFO     | log4ak.py:101 - 2024-10-08执行买入: 002466 2800股 @ 38.79元
2025-06-17 16:15:06 | INFO     | log4ak.py:101 - 初始化002460持仓: 2024-10-08买入2900股 @ 37.98元
2025-06-17 16:15:06 | INFO     | log4ak.py:101 - 2024-10-08执行买入: 002460 2900股 @ 37.98元
2025-06-17 16:15:06 | INFO     | log4ak.py:101 - 初始化002738持仓: 2024-10-08买入2900股 @ 38.20元
2025-06-17 16:15:06 | INFO     | log4ak.py:101 - 2024-10-08执行买入: 002738 2900股 @ 38.20元
2025-06-17 16:15:06 | INFO     | log4ak.py:101 - 601919在2024-10-10 00:00:00分红: 每股0.5200元 -> 税后0.4680元
2025-06-17 16:15:07 | INFO     | log4ak.py:101 - 002555在2024-11-08 00:00:00分红: 每股0.2100元 -> 税后0.1890元
2025-06-17 16:15:10 | INFO     | log4ak.py:101 - 000858在2025-01-23 00:00:00分红: 每股2.5760元 -> 税后2.3184元
2025-06-17 16:15:14 | INFO     | log4ak.py:101 - 002555在2025-05-21 00:00:00分红: 每股0.3700元 -> 税后0.3330元
2025-06-17 16:15:14 | INFO     | log4ak.py:101 - 002555在2025-05-27 00:00:00分红: 每股0.2100元 -> 税后0.1890元
2025-06-17 16:15:15 | INFO     | log4ak.py:101 - 000333在2025-06-12 00:00:00分红: 每股3.5000元 -> 税后3.1500元
2025-06-17 16:21:39 | INFO     | log4ak.py:110 - 组合初始化: 起始资金1000000.00元, 开始日期20230101
2025-06-17 16:22:14 | INFO     | log4ak.py:110 - 初始化600036持仓: 20230101买入0股 @ 0.00元
2025-06-17 16:22:14 | INFO     | log4ak.py:110 - 登记买入订单: 20230105买入600036 2800股
2025-06-17 16:22:14 | INFO     | log4ak.py:110 - 初始化000333持仓: 20230101买入0股 @ 0.00元
2025-06-17 16:22:14 | INFO     | log4ak.py:110 - 登记买入订单: 20230105买入000333 2400股
2025-06-17 16:22:14 | INFO     | log4ak.py:110 - 初始化601919持仓: 20230101买入0股 @ 0.00元
2025-06-17 16:22:14 | INFO     | log4ak.py:110 - 登记买入订单: 20230901买入601919 11200股
2025-06-17 16:22:14 | INFO     | log4ak.py:110 - 初始化000858持仓: 20230101买入0股 @ 0.00元
2025-06-17 16:22:14 | INFO     | log4ak.py:110 - 登记买入订单: 20231121买入000858 700股
2025-06-17 16:22:14 | INFO     | log4ak.py:110 - 初始化002602持仓: 20230101买入0股 @ 0.00元
2025-06-17 16:22:14 | INFO     | log4ak.py:110 - 登记买入订单: 20240902买入002602 33500股
2025-06-17 16:22:14 | INFO     | log4ak.py:110 - 初始化002555持仓: 20230101买入0股 @ 0.00元
2025-06-17 16:22:14 | INFO     | log4ak.py:110 - 登记买入订单: 20240925买入002555 8100股
2025-06-17 16:22:14 | INFO     | log4ak.py:110 - 初始化002466持仓: 20230101买入0股 @ 0.00元
2025-06-17 16:22:14 | INFO     | log4ak.py:110 - 登记买入订单: 20241008买入002466 2800股
2025-06-17 16:22:14 | INFO     | log4ak.py:110 - 初始化002460持仓: 20230101买入0股 @ 0.00元
2025-06-17 16:22:14 | INFO     | log4ak.py:110 - 登记买入订单: 20241008买入002460 2900股
2025-06-17 16:22:14 | INFO     | log4ak.py:110 - 初始化002738持仓: 20230101买入0股 @ 0.00元
2025-06-17 16:22:14 | INFO     | log4ak.py:110 - 登记买入订单: 20241008买入002738 2900股
2025-06-17 16:22:14 | INFO     | log4ak.py:110 - 缓存002466数据: 20230101至20250616共591条
2025-06-17 16:22:14 | INFO     | log4ak.py:110 - 缓存000333数据: 20230101至20250616共591条
2025-06-17 16:22:14 | INFO     | log4ak.py:110 - 缓存000858数据: 20230101至20250616共591条
2025-06-17 16:22:15 | INFO     | log4ak.py:110 - 缓存002738数据: 20230101至20250616共591条
2025-06-17 16:22:15 | INFO     | log4ak.py:110 - 缓存002460数据: 20230101至20250616共591条
2025-06-17 16:22:15 | INFO     | log4ak.py:110 - 缓存600036数据: 20230101至20250616共591条
2025-06-17 16:22:15 | INFO     | log4ak.py:110 - 缓存601919数据: 20230101至20250616共591条
2025-06-17 16:22:15 | INFO     | log4ak.py:110 - 缓存002602数据: 20230101至20250616共590条
2025-06-17 16:22:15 | INFO     | log4ak.py:110 - 缓存002555数据: 20230101至20250616共591条
2025-06-17 16:22:16 | INFO     | log4ak.py:110 - 预加载002466分红数据: 15条记录
2025-06-17 16:22:16 | INFO     | log4ak.py:110 - 预加载000333分红数据: 12条记录
2025-06-17 16:22:16 | INFO     | log4ak.py:110 - 预加载000858分红数据: 29条记录
2025-06-17 16:22:16 | INFO     | log4ak.py:110 - 预加载002738分红数据: 11条记录
2025-06-17 16:22:16 | INFO     | log4ak.py:110 - 预加载002460分红数据: 15条记录
2025-06-17 16:22:16 | INFO     | log4ak.py:110 - 预加载600036分红数据: 25条记录
2025-06-17 16:22:16 | INFO     | log4ak.py:110 - 预加载601919分红数据: 21条记录
2025-06-17 16:22:17 | INFO     | log4ak.py:110 - 预加载002602分红数据: 17条记录
2025-06-17 16:22:17 | INFO     | log4ak.py:110 - 预加载002555分红数据: 25条记录
2025-06-17 16:22:18 | INFO     | log4ak.py:110 - 初始化600036持仓: 2023-01-05买入2800股 @ 38.57元
2025-06-17 16:22:18 | INFO     | log4ak.py:110 - 2023-01-05执行买入: 600036 2800股 @ 38.57元
2025-06-17 16:22:18 | INFO     | log4ak.py:110 - 初始化000333持仓: 2023-01-05买入2400股 @ 55.00元
2025-06-17 16:22:18 | INFO     | log4ak.py:110 - 2023-01-05执行买入: 000333 2400股 @ 55.00元
2025-06-17 16:22:22 | INFO     | log4ak.py:110 - 002738在2023-05-31 00:00:00分红: 每股1.0000元 -> 税后0.9000元
2025-06-17 16:22:22 | INFO     | log4ak.py:110 - 000333在2023-06-01 00:00:00分红: 每股2.5000元 -> 税后2.2500元
2025-06-17 16:22:22 | INFO     | log4ak.py:110 - 002555在2023-06-02 00:00:00分红: 每股0.4500元 -> 税后0.4050元
2025-06-17 16:22:23 | INFO     | log4ak.py:110 - 000858在2023-06-27 00:00:00分红: 每股3.7820元 -> 税后3.4038元
2025-06-17 16:22:23 | INFO     | log4ak.py:110 - 601919在2023-06-28 00:00:00分红: 每股1.3900元 -> 税后1.2510元
2025-06-17 16:22:23 | INFO     | log4ak.py:110 - 002466在2023-06-30 00:00:00分红: 每股3.0000元 -> 税后2.7000元
2025-06-17 16:22:24 | INFO     | log4ak.py:110 - 002460在2023-07-12 00:00:00分红: 每股1.0000元 -> 税后0.9000元
2025-06-17 16:22:24 | INFO     | log4ak.py:110 - 600036在2023-07-13 00:00:00分红: 每股1.7380元 -> 税后1.5642元
2025-06-17 16:22:26 | INFO     | log4ak.py:110 - 初始化601919持仓: 2023-09-01买入11200股 @ 9.88元
2025-06-17 16:22:26 | INFO     | log4ak.py:110 - 2023-09-01执行买入: 601919 11200股 @ 9.88元
2025-06-17 16:22:27 | INFO     | log4ak.py:110 - 002555在2023-09-28 00:00:00分红: 每股0.4500元 -> 税后0.4050元
2025-06-17 16:22:29 | INFO     | log4ak.py:110 - 初始化000858持仓: 2023-11-21买入700股 @ 155.56元
2025-06-17 16:22:29 | INFO     | log4ak.py:110 - 2023-11-21执行买入: 000858 700股 @ 155.56元
2025-06-17 16:22:30 | INFO     | log4ak.py:110 - 601919在2023-12-20 00:00:00分红: 每股0.5100元 -> 税后0.4590元
2025-06-17 16:22:34 | INFO     | log4ak.py:110 - 000333在2024-05-15 00:00:00分红: 每股3.0000元 -> 税后2.7000元
2025-06-17 16:22:35 | INFO     | log4ak.py:110 - 002555在2024-05-21 00:00:00分红: 每股0.3700元 -> 税后0.3330元
2025-06-17 16:22:35 | INFO     | log4ak.py:110 - 002555在2024-05-24 00:00:00分红: 每股0.2100元 -> 税后0.1890元
2025-06-17 16:22:35 | INFO     | log4ak.py:110 - 002738在2024-05-30 00:00:00分红: 每股1.0000元 -> 税后0.9000元
2025-06-17 16:22:35 | INFO     | log4ak.py:110 - 002466在2024-06-07 00:00:00分红: 每股1.3500元 -> 税后1.2150元
2025-06-17 16:22:36 | INFO     | log4ak.py:110 - 601919在2024-06-20 00:00:00分红: 每股0.2300元 -> 税后0.2070元
2025-06-17 16:22:36 | INFO     | log4ak.py:110 - 600036在2024-07-11 00:00:00分红: 每股1.9720元 -> 税后1.7748元
2025-06-17 16:22:37 | INFO     | log4ak.py:110 - 000858在2024-07-12 00:00:00分红: 每股4.6700元 -> 税后4.2030元
2025-06-17 16:22:37 | INFO     | log4ak.py:110 - 002460在2024-07-24 00:00:00分红: 每股0.8000元 -> 税后0.7200元
2025-06-17 16:22:38 | INFO     | log4ak.py:110 - 初始化002602持仓: 2024-09-02买入33500股 @ 3.32元
2025-06-17 16:22:38 | INFO     | log4ak.py:110 - 2024-09-02执行买入: 002602 33500股 @ 3.32元
2025-06-17 16:22:39 | INFO     | log4ak.py:110 - 002555在2024-09-04 00:00:00分红: 每股0.2100元 -> 税后0.1890元
2025-06-17 16:22:39 | INFO     | log4ak.py:110 - 初始化002555持仓: 2024-09-25买入8100股 @ 14.45元
2025-06-17 16:22:39 | INFO     | log4ak.py:110 - 2024-09-25执行买入: 002555 8100股 @ 14.45元
2025-06-17 16:22:39 | INFO     | log4ak.py:110 - 初始化002466持仓: 2024-10-08买入2800股 @ 38.79元
2025-06-17 16:22:39 | INFO     | log4ak.py:110 - 2024-10-08执行买入: 002466 2800股 @ 38.79元
2025-06-17 16:22:39 | INFO     | log4ak.py:110 - 初始化002460持仓: 2024-10-08买入2900股 @ 37.98元
2025-06-17 16:22:39 | INFO     | log4ak.py:110 - 2024-10-08执行买入: 002460 2900股 @ 37.98元
2025-06-17 16:22:39 | INFO     | log4ak.py:110 - 初始化002738持仓: 2024-10-08买入2900股 @ 38.20元
2025-06-17 16:22:39 | INFO     | log4ak.py:110 - 2024-10-08执行买入: 002738 2900股 @ 38.20元
2025-06-17 16:22:40 | INFO     | log4ak.py:110 - 601919在2024-10-10 00:00:00分红: 每股0.5200元 -> 税后0.4680元
2025-06-17 16:22:41 | INFO     | log4ak.py:110 - 002555在2024-11-08 00:00:00分红: 每股0.2100元 -> 税后0.1890元
2025-06-17 16:22:43 | INFO     | log4ak.py:110 - 000858在2025-01-23 00:00:00分红: 每股2.5760元 -> 税后2.3184元
2025-06-17 16:22:47 | INFO     | log4ak.py:110 - 002555在2025-05-21 00:00:00分红: 每股0.3700元 -> 税后0.3330元
2025-06-17 16:22:47 | INFO     | log4ak.py:110 - 002555在2025-05-27 00:00:00分红: 每股0.2100元 -> 税后0.1890元
2025-06-17 16:22:48 | INFO     | log4ak.py:110 - 000333在2025-06-12 00:00:00分红: 每股3.5000元 -> 税后3.1500元
